Job <3660978> has been submitted to queue <q_share>
waiting for dispatch ...
 im,jm,kb=        6049        6049          19

zeros=
	data type = double
	pos = -1
	is_pseudo = 0
	bitset = 111
	global_shape = [6049, 6049, 19]
	procs_shape = [5, 4, 1]
	bound_type = [0, 0, 0]
	stencil_type = 1
	stencil_width = 1
	lx = [1210, 1210, 1210, 1210, 1209]
	ly = [1513, 1512, 1512, 1512]
	lz = [19]
	clx = [0, 1210, 2420, 3630, 4840, 6049]
	cly = [0, 1513, 3025, 4537, 6049]
	clz = [0, 19]

terminate called after throwing an instance of 'std::bad_alloc'
  what():  std::bad_alloc
terminate called after throwing an instance of 'std::bad_alloc'
  what():  std::bad_alloc
terminate called after throwing an instance of 'std::bad_alloc'
  what():  terminate called after throwing an instance of 'terminate called after throwing an instance of 'std::bad_alloc'
  what():  std::bad_allocterminate called after throwing an instance of 'std::bad_alloc'
  what():  std::bad_alloc

Program received signal SIGABRT: Process abort signal.

Backtrace for this error:
terminate called after throwing an instance of 'std::bad_alloc'
  what():  std::bad_alloc

Program received signal SIGABRT: Process abort signal.

Backtrace for this error:
terminate called after throwing an instance of 'std::bad_alloc'
  what():  std::bad_alloc
terminate called after throwing an instance of 'std::bad_alloc'
terminate called after throwing an instance of 'std::bad_alloc'
  what():  std::bad_alloc
terminate called after throwing an instance of 'std::bad_allocterminate called after throwing an instance of 'std::bad_alloc'
  what():  std::bad_alloc

Program received signal SIGABRT: Process abort signal.

Backtrace for this error:
terminate called after throwing an instance of 'terminate called after throwing an instance of 'std::bad_alloc'
  what():  std::bad_alloc

Program received signal SIGABRT: Process abort signal.

Backtrace for this error:

Program received signal SIGABRT: Process abort signal.

Backtrace for this error:
terminate called after throwing an instance of 'std::bad_alloc'
  what():  std::bad_alloc

Program received signal SIGABRT: Process abort signal.

Backtrace for this error:

Program received signal SIGABRT: Process abort signal.

Backtrace for this error:
std::bad_alloc

Program received signal SIGABRT: Process abort signal.

Backtrace for this error:
terminate called after throwing an instance of 'std::bad_alloc'
  what():  std::bad_alloc

Program received signal SIGABRT: Process abort signal.

Backtrace for this error:
terminate called after throwing an instance of 'std::bad_alloc'
  what():  std::bad_alloc

Program received signal SIGABRT: Process abort signal.

Backtrace for this error:


Program received signal SIGABRT: Process abort signal.

Backtrace for this error:

Program received signal SIGABRT: Process abort signal.

Backtrace for this error:
  what():  std::bad_alloc

Program received signal SIGABRT: Process abort signal.

Backtrace for this error:
terminate called after throwing an instance of 'std::bad_alloc'
  what():  std::bad_alloc

Program received signal SIGABRT: Process abort signal.

Backtrace for this error:

Program received signal SIGABRT: Process abort signal.

Backtrace for this error:
terminate called after throwing an instance of 'std::bad_alloc'
  what():  std::bad_alloc

Program received signal SIGABRT: Process abort signal.

Backtrace for this error:
terminate called after throwing an instance of 'std::bad_alloc'
  what():  std::bad_alloc

Program received signal SIGABRT: Process abort signal.

Backtrace for this error:
std::bad_alloc'
std::bad_alloc'
  what():  '
  what():  std::bad_alloc  what():  std::bad_alloc
std::bad_alloc

Program received signal SIGABRT: Process abort signal.


Program received signal SIGABRT: Process abort signal.

Backtrace for this error:

Program received signal SIGABRT: Process abort signal.

Backtrace for this error:

Backtrace for this error:
#0  0x4ffff078c227 in ???
#1  0x4ffff078b85f in ???
#2  0x4ffff094701f in ???
#0  0x4ffff078c227 in ???
#1  0x4ffff078b85f in ???
#2  0x4ffff094701f in ???
#3  0x4ffff0946ce8 in ???
#0  0x4ffff078c227 in ???
#1  0x4ffff078b85f in ???
#2  0x4ffff094701f in ???
#3  0x4ffff0946ce8 in ???
#4  0x4ffff097bdcb in ???
#5  0x4ffff0829437 in ???
#6  0x4ffff07c22ff in ???
#7  0x4ffff07c2397 in ???
#8  0x4ffff07c0caf in ???
#0  0x4ffff078c227 in ???
#1  0x4ffff078b85f in ???
#2  0x4ffff094701f in ???
#3  0x4ffff0946ce8 in ???
#0  0x4ffff078c227 in ???
#1  0x4ffff078b85f in ???
#2  0x4ffff094701f in ???
#3  0x4ffff0946ce8 in ???
#4  0x4ffff097bdcb in ???
#0  0x4ffff078c227 in ???
#1  0x4ffff078b85f in ???
#2  0x4ffff094701f in ???
#3  0x4ffff0946ce8 in ???
#0  0x4ffff078c227 in ???
#1  0x4ffff078b85f in ???
#2  0x4ffff094701f in ???
#3  0x4ffff0946ce8 in ???
#4  0x4ffff097bdcb in ???
#5  0x4ffff0829437 in ???
#6  0x4ffff07c22ff in ???
#7  0x4ffff07c2397 in ???
#0  0x4ffff078c227 in ???
#1  0x4ffff078b85f in ???
#2  0x4ffff094701f in ???
#0  0x4ffff078c227 in ???
#1  0x4ffff078b85f in ???
#2  0x4ffff094701f in ???
#3  0x4ffff0946ce8 in ???
#4  0x4ffff097bdcb in ???
#0  0x4ffff078c227 in ???
#1  0x4ffff078b85f in ???
#2  0x4ffff094701f in ???
#3  0x4ffff0946ce8 in ???
#4  0x4ffff097bdcb in ???
#5  0x4ffff0829437 in ???
#6  0x4ffff07c22ff in ???
#7  0x4ffff07c2397 in ???
#3  0x4ffff0946ce8 in ???
#4  0x4ffff097bdcb in ???
#5  0x4ffff0829437 in ???
#6  0x4ffff07c22ff in ???
#7  0x4ffff07c2397 in ???
#8  0x4ffff07c0caf in ???
#9  0x4ffff07c2f3f in ???
#10  0x4ffff07c2d6f in ???
#11  0x4ffff04fb4af in ???
#12  0x4ffff04b04bb in ???
#13  0x4ffff049ca6f in ???
#14  0x4ffff0471e6b in ???
#15  0x4ffff0497e07 in ???
#16  0x4ffff0498d47 in ???
#17  0x4ffff096ef4f in ???
#18  0x4ffff046ff1b in ???
#0  0x4ffff078c227 in ???
#1  0x4ffff078b85f in ???
#2  0x4ffff094701f in ???
#3  0x4ffff0946ce8 in ???
#4  0x4ffff097bdcb in ???
#5  0x4ffff0829437 in ???
#6  0x4ffff07c22ff in ???
#7  0x4ffff07c2397 in ???
#8  0x4ffff07c0caf in ???
#9  0x4ffff07c2f3f in ???
#10  0x4ffff07c2d6f in ???
#4  0x4ffff097bdcb in ???
#5  0x4ffff0829437 in ???
#6  0x4ffff07c22ff in ???
#7  0x4ffff07c2397 in ???
#8  0x4ffff07c0caf in ???
#9  0x4ffff07c2f3f in ???
#10  0x4ffff07c2d6f in ???
#11  0x4ffff04fb4af in ???
#12  0x4ffff04b04bb in ???
#13  0x4ffff049ca6f in ???
#14  0x4ffff0471e6b in ???
#15  0x4ffff0497e07 in ???
#16  0x4ffff0498d47 in ???
#17  0x4ffff096ef4f in ???
#18  0x4ffff046ff1b in ???
#0  0x4ffff078c227 in ???
#1  0x4ffff078b85f in ???
#2  0x4ffff094701f in ???
#3  0x4ffff0946ce8 in ???
#4  0x4ffff097bdcb in ???
#5  0x4ffff0829437 in ???
#6  0x4ffff07c22ff in ???
#7  0x4ffff07c2397 in ???
#8  0x4ffff07c0caf in ???
#9  0x4ffff07c2f3f in ???
#10  0x4ffff07c2d6f in ???
#11  0x4ffff04fb4af in ???
#12  0x4ffff04b04bb in ???
#13  0x4ffff049ca6f in ???
#14  0x4ffff0471e6b in ???
#15  0x4ffff0497e07 in ???
#16  0x4ffff0498d47 in ???
#17  0x4ffff096ef4f in ???
#18  0x4ffff046ff1b in ???
#9  0x4ffff07c2f3f in ???
#10  0x4ffff07c2d6f in ???
#11  0x4ffff04fb4af in ???
#12  0x4ffff04b04bb in ???
#13  0x4ffff049ca6f in ???
#14  0x4ffff0471e6b in ???
#15  0x4ffff0497e07 in ???
#16  0x4ffff0498d47 in ???
#17  0x4ffff096ef4f in ???
#18  0x4ffff046ff1b in ???
#4  0x4ffff097bdcb in ???
#5  0x4ffff0829437 in ???
#6  0x4ffff07c22ff in ???
#7  0x4ffff07c2397 in ???
#8  0x4ffff07c0caf in ???
#9  0x4ffff07c2f3f in ???
#10  0x4ffff07c2d6f in ???
#11  0x4ffff04fb4af in ???
#12  0x4ffff04b04bb in ???
#13  0x4ffff049ca6f in ???
#14  0x4ffff0471e6b in ???
#15  0x4ffff0497e07 in ???
#16  0x4ffff0498d47 in ???
#17  0x4ffff096ef4f in ???
#18  0x4ffff046ff1b in ???
#0  0x4ffff078c227 in ???
#1  0x4ffff078b85f in ???
#2  0x4ffff094701f in ???
#3  0x4ffff0946ce8 in ???
#4  0x4ffff097bdcb in ???
#5  0x4ffff0829437 in ???
#6  0x4ffff07c22ff in ???
#7  0x4ffff07c2397 in ???
#8  0x4ffff07c0caf in ???
#9  0x4ffff07c2f3f in ???
#10  0x4ffff07c2d6f in ???
#11  0x4ffff04fb4af in ???
#12  0x4ffff04b04bb in ???
#13  0x4ffff049ca6f in ???
#14  0x4ffff0471e6b in ???
#15  0x4ffff0497e07 in ???
#16  0x4ffff0498d47 in ???
#17  0x4ffff096ef4f in ???
#18  0x4ffff046ff1b in ???
#5  0x4ffff0829437 in ???
#6  0x4ffff07c22ff in ???
#7  0x4ffff07c2397 in ???
#8  0x4ffff07c0caf in ???
#9  0x4ffff07c2f3f in ???
#10  0x4ffff07c2d6f in ???
#11  0x4ffff04fb4af in ???
#12  0x4ffff04b04bb in ???
#13  0x4ffff049ca6f in ???
#14  0x4ffff0471e6b in ???
#15  0x4ffff0497e07 in ???
#16  0x4ffff0498d47 in ???
#17  0x4ffff096ef4f in ???
#18  0x4ffff046ff1b in ???
#4  0x4ffff097bdcb in ???
#5  0x4ffff0829437 in ???
#6  0x4ffff07c22ff in ???
#7  0x4ffff07c2397 in ???
#8  0x4ffff07c0caf in ???
#9  0x4ffff07c2f3f in ???
#10  0x4ffff07c2d6f in ???
#11  0x4ffff04fb4af in ???
#12  0x4ffff04b04bb in ???
#13  0x4ffff049ca6f in ???
#14  0x4ffff0471e6b in ???
#15  0x4ffff0497e07 in ???
#16  0x4ffff0498d47 in ???
#17  0x4ffff096ef4f in ???
#18  0x4ffff046ff1b in ???
#0  0x4ffff078c227 in ???
#1  0x4ffff078b85f in ???
#2  0x4ffff094701f in ???
#3  0x4ffff0946ce8 in ???
#4  0x4ffff097bdcb in ???
#5  0x4ffff0829437 in ???
#6  0x4ffff07c22ff in ???
#7  0x4ffff07c2397 in ???
#8  0x4ffff07c0caf in ???
#9  0x4ffff07c2f3f in ???
#10  0x4ffff07c2d6f in ???
#11  0x4ffff04fb4af in ???
#12  0x4ffff04b04bb in ???
#13  0x4ffff049ca6f in ???
#14  0x4ffff0471e6b in ???
#15  0x4ffff0497e07 in ???
#16  0x4ffff0498d47 in ???
#17  0x4ffff096ef4f in ???
#18  0x4ffff046ff1b in ???
#8  0x4ffff07c0caf in ???
#9  0x4ffff07c2f3f in ???
#10  0x4ffff07c2d6f in ???
#11  0x4ffff04fb4af in ???
#12  0x4ffff04b04bb in ???
#13  0x4ffff049ca6f in ???
#14  0x4ffff0471e6b in ???
#15  0x4ffff0497e07 in ???
#16  0x4ffff0498d47 in ???
#17  0x4ffff096ef4f in ???
#18  0x4ffff046ff1b in ???
#0  0x4ffff078c227 in ???
#1  0x4ffff078b85f in ???
#2  0x4ffff094701f in ???
#3  0x4ffff0946ce8 in ???
#4  0x4ffff097bdcb in ???
#5  0x4ffff0829437 in ???
#6  0x4ffff07c22ff in ???
#7  0x4ffff07c2397 in ???
#8  0x4ffff07c0caf in ???
#9  0x4ffff07c2f3f in ???
#10  0x4ffff07c2d6f in ???
#11  0x4ffff04fb4af in ???
#12  0x4ffff04b04bb in ???
#13  0x4ffff049ca6f in ???
#14  0x4ffff0471e6b in ???
#15  0x4ffff0497e07 in ???
#16  0x4ffff0498d47 in ???
#17  0x4ffff096ef4f in ???
#18  0x4ffff046ff1b in ???
#3  0x4ffff0946ce8 in ???
#4  0x4ffff097bdcb in ???
#5  0x4ffff0829437 in ???
#6  0x4ffff07c22ff in ???
#7  0x4ffff07c2397 in ???
#8  0x4ffff07c0caf in ???
#9  0x4ffff07c2f3f in ???
#10  0x4ffff07c2d6f in ???
#11  0x4ffff04fb4af in ???
#12  0x4ffff04b04bb in ???
#13  0x4ffff049ca6f in ???
#14  0x4ffff0471e6b in ???
#15  0x4ffff0497e07 in ???
#16  0x4ffff0498d47 in ???
#17  0x4ffff096ef4f in ???
#18  0x4ffff046ff1b in ???
#0  0x4ffff078c227 in ???
#1  0x4ffff078b85f in ???
#2  0x4ffff094701f in ???
#3  0x4ffff0946ce8 in ???
#4  0x4ffff097bdcb in ???
#5  0x4ffff0829437 in ???
#6  0x4ffff07c22ff in ???
#7  0x4ffff07c2397 in ???
#8  0x4ffff07c0caf in ???
#9  0x4ffff07c2f3f in ???
#10  0x4ffff07c2d6f in ???
#11  0x4ffff04fb4af in ???
#12  0x4ffff04b04bb in ???
#13  0x4ffff049ca6f in ???
#14  0x4ffff0471e6b in ???
#15  0x4ffff0497e07 in ???
#16  0x4ffff0498d47 in ???
#17  0x4ffff096ef4f in ???
#18  0x4ffff046ff1b in ???
#5  0x4ffff0829437 in ???
#6  0x4ffff07c22ff in ???
#7  0x4ffff07c2397 in ???
#8  0x4ffff07c0caf in ???
#9  0x4ffff07c2f3f in ???
#10  0x4ffff07c2d6f in ???
#11  0x4ffff04fb4af in ???
#12  0x4ffff04b04bb in ???
#13  0x4ffff049ca6f in ???
#14  0x4ffff0471e6b in ???
#15  0x4ffff0497e07 in ???
#16  0x4ffff0498d47 in ???
#17  0x4ffff096ef4f in ???
#18  0x4ffff046ff1b in ???
#8  0x4ffff07c0caf in ???
#9  0x4ffff07c2f3f in ???
#10  0x4ffff07c2d6f in ???
#11  0x4ffff04fb4af in ???
#12  0x4ffff04b04bb in ???
#13  0x4ffff049ca6f in ???
#14  0x4ffff0471e6b in ???
#15  0x4ffff0497e07 in ???
#16  0x4ffff0498d47 in ???
#17  0x4ffff096ef4f in ???
#18  0x4ffff046ff1b in ???
#11  0x4ffff04fb4af in ???
#12  0x4ffff04b04bb in ???
#13  0x4ffff049ca6f in ???
#14  0x4ffff0471e6b in ???
#15  0x4ffff0497e07 in ???
#16  0x4ffff0498d47 in ???
#17  0x4ffff096ef4f in ???
#18  0x4ffff046ff1b in ???
#0  0x4ffff078c227 in ???
#0  0x4ffff078c227 in ???
#0  0x4ffff078c227 in ???
#1  0x4ffff078b85f in ???
#1  0x4ffff078b85f in ???
#1  0x4ffff078b85f in ???
#2  0x4ffff094701f in ???
#2  0x4ffff094701f in ???
#2  0x4ffff094701f in ???
#3  0x4ffff0946ce8 in ???
#3  0x4ffff0946ce8 in ???
#4  0x4ffff097bdcb in ???
#3  0x4ffff0946ce8 in ???
#5  0x4ffff0829437 in ???
#0  0x4ffff078c227 in ???
#4  0x4ffff097bdcb in ???
#4  0x4ffff097bdcb in ???
#1  0x4ffff078b85f in ???
#5  0x4ffff0829437 in ???
#6  0x4ffff07c22ff in ???
#5  0x4ffff0829437 in ???
#7  0x4ffff07c2397 in ???
#2  0x4ffff094701f in ???
#8  0x4ffff07c0caf in ???
#3  0x4ffff0946ce8 in ???
#9  0x4ffff07c2f3f in ???
#4  0x4ffff097bdcb in ???
#10  0x4ffff07c2d6f in ???
#11  0x4ffff04fb4af in ???
#5  0x4ffff0829437 in ???
#12  0x4ffff04b04bb in ???
#6  0x4ffff07c22ff in ???
#13  0x4ffff049ca6f in ???
#7  0x4ffff07c2397 in ???
#14  0x4ffff0471e6b in ???
#8  0x4ffff07c0caf in ???
#9  0x4ffff07c2f3f in ???
#10  0x4ffff07c2d6f in ???
#11  0x4ffff04fb4af in ???
#12  0x4ffff04b04bb in ???
#13  0x4ffff049ca6f in ???
#14  0x4ffff0471e6b in ???
#15  0x4ffff0497e07 in ???
#16  0x4ffff0498d47 in ???
#17  0x4ffff096ef4f in ???
#18  0x4ffff046ff1b in ???
#6  0x4ffff07c22ff in ???
#7  0x4ffff07c2397 in ???
#8  0x4ffff07c0caf in ???
#9  0x4ffff07c2f3f in ???
#10  0x4ffff07c2d6f in ???
#11  0x4ffff04fb4af in ???
#12  0x4ffff04b04bb in ???
#13  0x4ffff049ca6f in ???
#14  0x4ffff0471e6b in ???
#15  0x4ffff0497e07 in ???
#16  0x4ffff0498d47 in ???
#17  0x4ffff096ef4f in ???
#18  0x4ffff046ff1b in ???
#6  0x4ffff07c22ff in ???
#7  0x4ffff07c2397 in ???
#8  0x4ffff07c0caf in ???
#9  0x4ffff07c2f3f in ???
#10  0x4ffff07c2d6f in ???
#11  0x4ffff04fb4af in ???
#12  0x4ffff04b04bb in ???
#13  0x4ffff049ca6f in ???
#14  0x4ffff0471e6b in ???
#15  0x4ffff0497e07 in ???
#16  0x4ffff0498d47 in ???
#17  0x4ffff096ef4f in ???
#18  0x4ffff046ff1b in ???
#15  0x4ffff0497e07 in ???
#16  0x4ffff0498d47 in ???
#17  0x4ffff096ef4f in ???
#18  0x4ffff046ff1b in ???
[3660978 ## 2022-05-30/22:18:51] warning: cpu [19]: user's mpe task: tid= 18, pid= 3707, terminated by sig 6
[3660978 ## 2022-05-30/22:18:51] warning: cpu [16]: user's mpe task: tid= 0, pid= 14468, terminated by sig 6
[3660978 ## 2022-05-30/22:18:51] warning: cpu [16]: user's mpe task: tid= 4, pid= 14474, terminated by sig 6
[3660978 ## 2022-05-30/22:18:51] warning: cpu [16]: user's mpe task: tid= 1, pid= 14469, terminated by sig 6
[3660978 ## 2022-05-30/22:18:51] warning: cpu [16]: user's mpe task: tid= 2, pid= 14471, terminated by sig 6
[3660978 ## 2022-05-30/22:18:51] warning: cpu [17]: user's mpe task: tid= 6, pid= 13267, terminated by sig 6
[3660978 ## 2022-05-30/22:18:51] warning: cpu [16]: user's mpe task: tid= 5, pid= 14476, terminated by sig 6
[3660978 ## 2022-05-30/22:18:51] warning: cpu [16]: user's mpe task: tid= 3, pid= 14472, terminated by sig 6
[3660978 ## 2022-05-30/22:18:51] warning: cpu [17]: user's mpe task: tid= 11, pid= 13275, terminated by sig 6
[3660978 ## 2022-05-30/22:18:51] warning: cpu [17]: user's mpe task: tid= 10, pid= 13273, terminated by sig 6
[3660978 ## 2022-05-30/22:18:51] warning: cpu [17]: user's mpe task: tid= 7, pid= 13268, terminated by sig 6
[3660978 ## 2022-05-30/22:18:51] warning: cpu [17]: user's mpe task: tid= 8, pid= 13270, terminated by sig 6
[3660978 ## 2022-05-30/22:18:51] warning: cpu [18]: user's mpe task: tid= 12, pid= 8286, terminated by sig 6
[3660978 ## 2022-05-30/22:18:51] warning: cpu [18]: user's mpe task: tid= 14, pid= 8288, terminated by sig 6
[3660978 ## 2022-05-30/22:18:51] warning: cpu [18]: user's mpe task: tid= 13, pid= 8287, terminated by sig 6
[3660978 ## 2022-05-30/22:18:51] warning: cpu [17]: user's mpe task: tid= 9, pid= 13271, terminated by sig 6
[3660978 ## 2022-05-30/22:18:51] warning: cpu [18]: user's mpe task: tid= 15, pid= 8289, terminated by sig 6
[3660978 ## 2022-05-30/22:18:51] warning: cpu [18]: user's mpe task: tid= 17, pid= 8291, terminated by sig 6
[3660978 ## 2022-05-30/22:18:51] warning: cpu [18]: user's mpe task: tid= 16, pid= 8290, terminated by sig 6
[3660978 ## 2022-05-30/22:18:51] warning: cpu [19]: user's mpe task: tid= 19, pid= 3708, terminated by sig 6
dispatching ...
Job 3660978 has been finished, exit reason: kill by signal.
Job <3660979> has been submitted to queue <q_share>
waiting for dispatch ...
 im,jm,kb=        6049        6049          19

zeros=
	data type = double
	pos = -1
	is_pseudo = 0
	bitset = 111
	global_shape = [6049, 6049, 19]
	procs_shape = [8, 5, 1]
	bound_type = [0, 0, 0]
	stencil_type = 1
	stencil_width = 1
	lx = [757, 756, 756, 756, 756, 756, 756, 756]
	ly = [1210, 1210, 1210, 1210, 1209]
	lz = [19]
	clx = [0, 757, 1513, 2269, 3025, 3781, 4537, 5293, 6049]
	cly = [0, 1210, 2420, 3630, 4840, 6049]
	clz = [0, 19]

terminate called after throwing an instance of 'std::bad_alloc'
  what():  terminate called after throwing an instance of 'std::bad_alloc'
  what():  std::bad_alloc

Program received signal SIGABRT: Process abort signal.
terminate called after throwing an instance of 'std::bad_alloc'
  what():  std::bad_alloc

Program received signal SIGABRT: Process abort signal.

Backtrace for this error:
terminate called after throwing an instance of 'std::bad_alloc'
  what():  std::bad_alloc

Program received signal SIGABRT: Process abort signal.

Backtrace for this error:
terminate called after throwing an instance of 'std::bad_alloc'
  what():  std::bad_alloc

Program received signal SIGABRT: Process abort signal.

Backtrace for this error:
std::bad_alloc

Program received signal SIGABRT: Process abort signal.

Backtrace for this error:
terminate called after throwing an instance of 'terminate called after throwing an instance of 'std::bad_alloc'
  what():  std::bad_allocterminate called after throwing an instance of 'std::bad_alloc'
terminate called after throwing an instance of 'terminate called after throwing an instance of 'std::bad_alloc'
terminate called after throwing an instance of 'std::bad_alloc'
  what():  std::bad_allocterminate called after throwing an instance of 'std::bad_alloc'
  what():  std::bad_alloc
terminate called after throwing an instance of 'std::bad_alloc'
  what():  std::bad_alloc
terminate called after throwing an instance of 'std::bad_alloc'
terminate called after throwing an instance of 'std::bad_alloc'
  what():  std::bad_alloc
terminate called after throwing an instance of 'std::bad_alloc'
terminate called after throwing an instance of 'std::bad_alloc'
  what():  std::bad_alloc
terminate called after throwing an instance of 'std::bad_alloc'
  what():  std::bad_alloc

Program received signal SIGABRT: Process abort signal.
terminate called after throwing an instance of '
Backtrace for this error:
terminate called after throwing an instance of 'std::bad_alloc'
  what():  std::bad_alloc

Program received signal SIGABRT: Process abort signal.

Backtrace for this error:
terminate called after throwing an instance of 'std::bad_alloc'
  what():  std::bad_alloc

Program received signal SIGABRT: Process abort signal.

Backtrace for this error:
terminate called after throwing an instance of 'std::bad_alloc'
  what():  std::bad_alloc

Program received signal SIGABRT: Process abort signal.

Backtrace for this error:
terminate called after throwing an instance of 'std::bad_alloc'
  what():  std::bad_alloc

Program received signal SIGABRT: Process abort signal.

Backtrace for this error:


Program received signal SIGABRT: Process abort signal.

Backtrace for this error:
terminate called after throwing an instance of 'std::bad_alloc'
  what():  std::bad_alloc

Program received signal SIGABRT: Process abort signal.

Backtrace for this error:
  what():  std::bad_alloc

Program received signal SIGABRT: Process abort signal.

Backtrace for this error:
terminate called after throwing an instance of 'std::bad_alloc'
  what():  std::bad_alloc

Program received signal SIGABRT: Process abort signal.

Backtrace for this error:
terminate called after throwing an instance of 'std::bad_alloc'
  what():  std::bad_alloc

Program received signal SIGABRT: Process abort signal.

Backtrace for this error:
terminate called after throwing an instance of 'std::bad_alloc'
  what():  std::bad_alloc

Program received signal SIGABRT: Process abort signal.

Backtrace for this error:
terminate called after throwing an instance of 'std::bad_alloc'
  what():  std::bad_alloc

Program received signal SIGABRT: Process abort signal.

Backtrace for this error:
terminate called after throwing an instance of 'std::bad_alloc'
  what():  std::bad_alloc

Program received signal SIGABRT: Process abort signal.

Backtrace for this error:


Program received signal SIGABRT: Process abort signal.

Backtrace for this error:

Program received signal SIGABRT: Process abort signal.

Backtrace for this error:

Program received signal SIGABRT: Process abort signal.

Backtrace for this error:
  what():  std::bad_alloc

Program received signal SIGABRT: Process abort signal.

Backtrace for this error:
terminate called after throwing an instance of 'std::bad_alloc'
  what():  std::bad_alloc

Program received signal SIGABRT: Process abort signal.

Backtrace for this error:
terminate called after throwing an instance of 'std::bad_alloc'
  what():  std::bad_alloc

Program received signal SIGABRT: Process abort signal.

Backtrace for this error:
terminate called after throwing an instance of 'std::bad_alloc'
  what():  std::bad_alloc

Program received signal SIGABRT: Process abort signal.

Backtrace for this error:

Program received signal SIGABRT: Process abort signal.

Backtrace for this error:
terminate called after throwing an instance of 'std::bad_alloc'
  what():  std::bad_alloc

Program received signal SIGABRT: Process abort signal.

Backtrace for this error:
  what():  std::bad_alloc

Program received signal SIGABRT: Process abort signal.

Backtrace for this error:
terminate called after throwing an instance of 'std::bad_alloc'
  what():  std::bad_alloc

Program received signal SIGABRT: Process abort signal.

Backtrace for this error:

Program received signal SIGABRT: Process abort signal.

Backtrace for this error:

Backtrace for this error:
terminate called after throwing an instance of 'std::bad_alloc'
  what():  std::bad_alloc

Program received signal SIGABRT: Process abort signal.

Backtrace for this error:
terminate called after throwing an instance of 'std::bad_alloc'
  what():  std::bad_alloc

Program received signal SIGABRT: Process abort signal.

Backtrace for this error:
std::bad_allocstd::bad_alloc  what():  terminate called after throwing an instance of 'terminate called after throwing an instance of 'std::bad_alloc'
'
std::bad_allocstd::bad_allocstd::bad_alloc'
  what():    what():  
'
'
  what():  std::bad_allocstd::bad_alloc
Program received signal SIGABRT: Process abort signal.
  what():    what():  std::bad_alloc


Backtrace for this error:
std::bad_allocstd::bad_alloc

Program received signal SIGABRT: Process abort signal.
terminate called after throwing an instance of 'std::bad_alloc'
  what():  std::bad_alloc

Program received signal SIGABRT: Process abort signal.

Backtrace for this error:



Program received signal SIGABRT: Process abort signal.

Backtrace for this error:

Program received signal SIGABRT: Process abort signal.

Program received signal SIGABRT: Process abort signal.

Program received signal SIGABRT: Process abort signal.

Backtrace for this error:

Backtrace for this error:

Backtrace for this error:

Backtrace for this error:
terminate called after throwing an instance of 'std::bad_alloc'
  what():  std::bad_alloc

Program received signal SIGABRT: Process abort signal.

Backtrace for this error:
#0  0x4ffff078c227 in ???
#1  0x4ffff078b85f in ???
#2  0x4ffff094701f in ???
#3  0x4ffff0946ce8 in ???
#0  0x4ffff078c227 in ???
#1  0x4ffff078b85f in ???
#2  0x4ffff094701f in ???
#3  0x4ffff0946ce8 in ???
#0  0x4ffff078c227 in ???
#1  0x4ffff078b85f in ???
#2  0x4ffff094701f in ???
#3  0x4ffff0946ce8 in ???
#4  0x4ffff097bdcb in ???
#5  0x4ffff0829437 in ???
#0  0x4ffff078c227 in ???
#1  0x4ffff078b85f in ???
#2  0x4ffff094701f in ???
#3  0x4ffff0946ce8 in ???
#4  0x4ffff097bdcb in ???
#5  0x4ffff0829437 in ???
#6  0x4ffff07c22ff in ???
#7  0x4ffff07c2397 in ???
#0  0x4ffff078c227 in ???
#1  0x4ffff078b85f in ???
#2  0x4ffff094701f in ???
#0  0x4ffff078c227 in ???
#1  0x4ffff078b85f in ???
#0  0x4ffff078c227 in ???
#1  0x4ffff078b85f in ???
#2  0x4ffff094701f in ???
#3  0x4ffff0946ce8 in ???
#4  0x4ffff097bdcb in ???
#5  0x4ffff0829437 in ???
#0  0x4ffff078c227 in ???
#1  0x4ffff078b85f in ???
#2  0x4ffff094701f in ???
#3  0x4ffff0946ce8 in ???
#4  0x4ffff097bdcb in ???
#5  0x4ffff0829437 in ???
#6  0x4ffff07c22ff in ???
#7  0x4ffff07c2397 in ???
#0  0x4ffff078c227 in ???
#1  0x4ffff078b85f in ???
#2  0x4ffff094701f in ???
#3  0x4ffff0946ce8 in ???
#0  0x4ffff078c227 in ???
#1  0x4ffff078b85f in ???
#2  0x4ffff094701f in ???
#3  0x4ffff0946ce8 in ???
#0  0x4ffff078c227 in ???
#1  0x4ffff078b85f in ???
#2  0x4ffff094701f in ???
#3  0x4ffff0946ce8 in ???
#4  0x4ffff097bdcb in ???
#0  0x4ffff078c227 in ???
#1  0x4ffff078b85f in ???
#0  0x4ffff078c227 in ???
#1  0x4ffff078b85f in ???
#2  0x4ffff094701f in ???
#4  0x4ffff097bdcb in ???
#5  0x4ffff0829437 in ???
#6  0x4ffff07c22ff in ???
#7  0x4ffff07c2397 in ???
#8  0x4ffff07c0caf in ???
#9  0x4ffff07c2f3f in ???
#10  0x4ffff07c2d6f in ???
#11  0x4ffff04fb4af in ???
#12  0x4ffff04b04bb in ???
#13  0x4ffff049ca6f in ???
#14  0x4ffff04720ab in ???
#15  0x4ffff0497e07 in ???
#16  0x4ffff0498d47 in ???
#17  0x4ffff096ef4f in ???
#18  0x4ffff046ff1b in ???
#0  0x4ffff078c227 in ???
#1  0x4ffff078b85f in ???
#2  0x4ffff094701f in ???
#3  0x4ffff0946ce8 in ???
#4  0x4ffff097bdcb in ???
#5  0x4ffff0829437 in ???
#6  0x4ffff07c22ff in ???
#7  0x4ffff07c2397 in ???
#8  0x4ffff07c0caf in ???
#9  0x4ffff07c2f3f in ???
#10  0x4ffff07c2d6f in ???
#11  0x4ffff04fb4af in ???
#12  0x4ffff04b04bb in ???
#13  0x4ffff049ca6f in ???
#14  0x4ffff04720ab in ???
#15  0x4ffff0497e07 in ???
#16  0x4ffff0498d47 in ???
#17  0x4ffff096ef4f in ???
#18  0x4ffff046ff1b in ???
#6  0x4ffff07c22ff in ???
#7  0x4ffff07c2397 in ???
#8  0x4ffff07c0caf in ???
#9  0x4ffff07c2f3f in ???
#10  0x4ffff07c2d6f in ???
#11  0x4ffff04fb4af in ???
#12  0x4ffff04b04bb in ???
#13  0x4ffff049ca6f in ???
#14  0x4ffff04720ab in ???
#15  0x4ffff0497e07 in ???
#16  0x4ffff0498d47 in ???
#17  0x4ffff096ef4f in ???
#18  0x4ffff046ff1b in ???
#8  0x4ffff07c0caf in ???
#9  0x4ffff07c2f3f in ???
#10  0x4ffff07c2d6f in ???
#11  0x4ffff04fb4af in ???
#12  0x4ffff04b04bb in ???
#13  0x4ffff049ca6f in ???
#14  0x4ffff04720ab in ???
#15  0x4ffff0497e07 in ???
#16  0x4ffff0498d47 in ???
#17  0x4ffff096ef4f in ???
#18  0x4ffff046ff1b in ???
#0  0x4ffff078c227 in ???
#1  0x4ffff078b85f in ???
#2  0x4ffff094701f in ???
#3  0x4ffff0946ce8 in ???
#0  0x4ffff078c227 in ???
#1  0x4ffff078b85f in ???
#2  0x4ffff094701f in ???
#3  0x4ffff0946ce8 in ???
#4  0x4ffff097bdcb in ???
#5  0x4ffff0829437 in ???
#6  0x4ffff07c22ff in ???
#7  0x4ffff07c2397 in ???
#8  0x4ffff07c0caf in ???
#9  0x4ffff07c2f3f in ???
#10  0x4ffff07c2d6f in ???
#3  0x4ffff0946ce8 in ???
#0  0x4ffff078c227 in ???
#1  0x4ffff078b85f in ???
#2  0x4ffff094701f in ???
#3  0x4ffff0946ce8 in ???
#4  0x4ffff097bdcb in ???
#5  0x4ffff0829437 in ???
#4  0x4ffff097bdcb in ???
#5  0x4ffff0829437 in ???
#6  0x4ffff07c22ff in ???
#7  0x4ffff07c2397 in ???
#8  0x4ffff07c0caf in ???
#9  0x4ffff07c2f3f in ???
#0  0x4ffff078c227 in ???
#1  0x4ffff078b85f in ???
#2  0x4ffff094701f in ???
#3  0x4ffff0946ce8 in ???
#4  0x4ffff097bdcb in ???
#5  0x4ffff0829437 in ???
#6  0x4ffff07c22ff in ???
#7  0x4ffff07c2397 in ???
#8  0x4ffff07c0caf in ???
#9  0x4ffff07c2f3f in ???
#10  0x4ffff07c2d6f in ???
#0  0x4ffff078c227 in ???
#1  0x4ffff078b85f in ???
#2  0x4ffff094701f in ???
#3  0x4ffff0946ce8 in ???
#4  0x4ffff097bdcb in ???
#5  0x4ffff0829437 in ???
#6  0x4ffff07c22ff in ???
#7  0x4ffff07c2397 in ???
#8  0x4ffff07c0caf in ???
#9  0x4ffff07c2f3f in ???
#10  0x4ffff07c2d6f in ???
#11  0x4ffff04fb4af in ???
#12  0x4ffff04b04bb in ???
#13  0x4ffff049ca6f in ???
#14  0x4ffff04720ab in ???
#15  0x4ffff0497e07 in ???
#16  0x4ffff0498d47 in ???
#17  0x4ffff096ef4f in ???
#18  0x4ffff046ff1b in ???
#0  0x4ffff078c227 in ???
#1  0x4ffff078b85f in ???
#2  0x4ffff094701f in ???
#3  0x4ffff0946ce8 in ???
#4  0x4ffff097bdcb in ???
#5  0x4ffff0829437 in ???
#6  0x4ffff07c22ff in ???
#0  0x4ffff078c227 in ???
#1  0x4ffff078b85f in ???
#2  0x4ffff094701f in ???
#3  0x4ffff0946ce8 in ???
#0  0x4ffff078c227 in ???
#1  0x4ffff078b85f in ???
#2  0x4ffff094701f in ???
#3  0x4ffff0946ce8 in ???
#4  0x4ffff097bdcb in ???
#5  0x4ffff0829437 in ???
#0  0x4ffff078c227 in ???
#1  0x4ffff078b85f in ???
#2  0x4ffff094701f in ???
#3  0x4ffff0946ce8 in ???
#4  0x4ffff097bdcb in ???
#2  0x4ffff094701f in ???
#3  0x4ffff0946ce8 in ???
#4  0x4ffff097bdcb in ???
#5  0x4ffff0829437 in ???
#6  0x4ffff07c22ff in ???
#7  0x4ffff07c2397 in ???
#8  0x4ffff07c0caf in ???
#9  0x4ffff07c2f3f in ???
#10  0x4ffff07c2d6f in ???
#11  0x4ffff04fb4af in ???
#12  0x4ffff04b04bb in ???
#13  0x4ffff049ca6f in ???
#14  0x4ffff04720ab in ???
#15  0x4ffff0497e07 in ???
#16  0x4ffff0498d47 in ???
#17  0x4ffff096ef4f in ???
#18  0x4ffff046ff1b in ???
#0  0x4ffff078c227 in ???
#1  0x4ffff078b85f in ???
#2  0x4ffff094701f in ???
#3  0x4ffff0946ce8 in ???
#4  0x4ffff097bdcb in ???
#5  0x4ffff0829437 in ???
#6  0x4ffff07c22ff in ???
#7  0x4ffff07c2397 in ???
#8  0x4ffff07c0caf in ???
#9  0x4ffff07c2f3f in ???
#10  0x4ffff07c2d6f in ???
#11  0x4ffff04fb4af in ???
#12  0x4ffff04b04bb in ???
#13  0x4ffff049ca6f in ???
#14  0x4ffff04720ab in ???
#15  0x4ffff0497e07 in ???
#16  0x4ffff0498d47 in ???
#17  0x4ffff096ef4f in ???
#18  0x4ffff046ff1b in ???
#0  0x4ffff078c227 in ???
#1  0x4ffff078b85f in ???
#2  0x4ffff094701f in ???
#3  0x4ffff0946ce8 in ???
#4  0x4ffff097bdcb in ???
#5  0x4ffff0829437 in ???
#6  0x4ffff07c22ff in ???
#7  0x4ffff07c2397 in ???
#8  0x4ffff07c0caf in ???
#9  0x4ffff07c2f3f in ???
#10  0x4ffff07c2d6f in ???
#11  0x4ffff04fb4af in ???
#12  0x4ffff04b04bb in ???
#13  0x4ffff049ca6f in ???
#14  0x4ffff04720ab in ???
#15  0x4ffff0497e07 in ???
#16  0x4ffff0498d47 in ???
#17  0x4ffff096ef4f in ???
#18  0x4ffff046ff1b in ???
#6  0x4ffff07c22ff in ???
#7  0x4ffff07c2397 in ???
#8  0x4ffff07c0caf in ???
#9  0x4ffff07c2f3f in ???
#10  0x4ffff07c2d6f in ???
#11  0x4ffff04fb4af in ???
#12  0x4ffff04b04bb in ???
#13  0x4ffff049ca6f in ???
#14  0x4ffff04720ab in ???
#15  0x4ffff0497e07 in ???
#16  0x4ffff0498d47 in ???
#17  0x4ffff096ef4f in ???
#18  0x4ffff046ff1b in ???
#8  0x4ffff07c0caf in ???
#9  0x4ffff07c2f3f in ???
#10  0x4ffff07c2d6f in ???
#11  0x4ffff04fb4af in ???
#12  0x4ffff04b04bb in ???
#13  0x4ffff049ca6f in ???
#14  0x4ffff04720ab in ???
#15  0x4ffff0497e07 in ???
#16  0x4ffff0498d47 in ???
#17  0x4ffff096ef4f in ???
#18  0x4ffff046ff1b in ???
#0  0x4ffff078c227 in ???
#1  0x4ffff078b85f in ???
#2  0x4ffff094701f in ???
#3  0x4ffff0946ce8 in ???
#4  0x4ffff097bdcb in ???
#5  0x4ffff0829437 in ???
#6  0x4ffff07c22ff in ???
#7  0x4ffff07c2397 in ???
#8  0x4ffff07c0caf in ???
#9  0x4ffff07c2f3f in ???
#10  0x4ffff07c2d6f in ???
#11  0x4ffff04fb4af in ???
#12  0x4ffff04b04bb in ???
#13  0x4ffff049ca6f in ???
#14  0x4ffff04720ab in ???
#4  0x4ffff097bdcb in ???
#5  0x4ffff0829437 in ???
#6  0x4ffff07c22ff in ???
#7  0x4ffff07c2397 in ???
#8  0x4ffff07c0caf in ???
#9  0x4ffff07c2f3f in ???
#10  0x4ffff07c2d6f in ???
#11  0x4ffff04fb4af in ???
#12  0x4ffff04b04bb in ???
#13  0x4ffff049ca6f in ???
#14  0x4ffff04720ab in ???
#15  0x4ffff0497e07 in ???
#16  0x4ffff0498d47 in ???
#17  0x4ffff096ef4f in ???
#18  0x4ffff046ff1b in ???
#0  0x4ffff078c227 in ???
#1  0x4ffff078b85f in ???
#2  0x4ffff094701f in ???
#3  0x4ffff0946ce8 in ???
#4  0x4ffff097bdcb in ???
#5  0x4ffff0829437 in ???
#6  0x4ffff07c22ff in ???
#7  0x4ffff07c2397 in ???
#8  0x4ffff07c0caf in ???
#9  0x4ffff07c2f3f in ???
#10  0x4ffff07c2d6f in ???
#11  0x4ffff04fb4af in ???
#12  0x4ffff04b04bb in ???
#13  0x4ffff049ca6f in ???
#14  0x4ffff04720ab in ???
#15  0x4ffff0497e07 in ???
#16  0x4ffff0498d47 in ???
#17  0x4ffff096ef4f in ???
#18  0x4ffff046ff1b in ???
#4  0x4ffff097bdcb in ???
#5  0x4ffff0829437 in ???
#6  0x4ffff07c22ff in ???
#7  0x4ffff07c2397 in ???
#8  0x4ffff07c0caf in ???
#9  0x4ffff07c2f3f in ???
#10  0x4ffff07c2d6f in ???
#11  0x4ffff04fb4af in ???
#12  0x4ffff04b04bb in ???
#13  0x4ffff049ca6f in ???
#14  0x4ffff04720ab in ???
#15  0x4ffff0497e07 in ???
#16  0x4ffff0498d47 in ???
#17  0x4ffff096ef4f in ???
#18  0x4ffff046ff1b in ???
#5  0x4ffff0829437 in ???
#6  0x4ffff07c22ff in ???
#7  0x4ffff07c2397 in ???
#8  0x4ffff07c0caf in ???
#9  0x4ffff07c2f3f in ???
#10  0x4ffff07c2d6f in ???
#11  0x4ffff04fb4af in ???
#12  0x4ffff04b04bb in ???
#13  0x4ffff049ca6f in ???
#14  0x4ffff04720ab in ???
#15  0x4ffff0497e07 in ???
#16  0x4ffff0498d47 in ???
#17  0x4ffff096ef4f in ???
#18  0x4ffff046ff1b in ???
#0  0x4ffff078c227 in ???
#1  0x4ffff078b85f in ???
#2  0x4ffff094701f in ???
#3  0x4ffff0946ce8 in ???
#4  0x4ffff097bdcb in ???
#5  0x4ffff0829437 in ???
#6  0x4ffff07c22ff in ???
#7  0x4ffff07c2397 in ???
#8  0x4ffff07c0caf in ???
#9  0x4ffff07c2f3f in ???
#10  0x4ffff07c2d6f in ???
#11  0x4ffff04fb4af in ???
#12  0x4ffff04b04bb in ???
#13  0x4ffff049ca6f in ???
#14  0x4ffff04720ab in ???
#15  0x4ffff0497e07 in ???
#16  0x4ffff0498d47 in ???
#17  0x4ffff096ef4f in ???
#18  0x4ffff046ff1b in ???
#2  0x4ffff094701f in ???
#3  0x4ffff0946ce8 in ???
#4  0x4ffff097bdcb in ???
#5  0x4ffff0829437 in ???
#6  0x4ffff07c22ff in ???
#7  0x4ffff07c2397 in ???
#8  0x4ffff07c0caf in ???
#9  0x4ffff07c2f3f in ???
#10  0x4ffff07c2d6f in ???
#11  0x4ffff04fb4af in ???
#12  0x4ffff04b04bb in ???
#13  0x4ffff049ca6f in ???
#14  0x4ffff04720ab in ???
#15  0x4ffff0497e07 in ???
#16  0x4ffff0498d47 in ???
#17  0x4ffff096ef4f in ???
#18  0x4ffff046ff1b in ???
#3  0x4ffff0946ce8 in ???
#4  0x4ffff097bdcb in ???
#5  0x4ffff0829437 in ???
#6  0x4ffff07c22ff in ???
#7  0x4ffff07c2397 in ???
#8  0x4ffff07c0caf in ???
#9  0x4ffff07c2f3f in ???
#10  0x4ffff07c2d6f in ???
#11  0x4ffff04fb4af in ???
#12  0x4ffff04b04bb in ???
#13  0x4ffff049ca6f in ???
#14  0x4ffff04720ab in ???
#15  0x4ffff0497e07 in ???
#16  0x4ffff0498d47 in ???
#17  0x4ffff096ef4f in ???
#18  0x4ffff046ff1b in ???
#4  0x4ffff097bdcb in ???
#5  0x4ffff0829437 in ???
#6  0x4ffff07c22ff in ???
#7  0x4ffff07c2397 in ???
#8  0x4ffff07c0caf in ???
#9  0x4ffff07c2f3f in ???
#10  0x4ffff07c2d6f in ???
#11  0x4ffff04fb4af in ???
#12  0x4ffff04b04bb in ???
#13  0x4ffff049ca6f in ???
#14  0x4ffff04720ab in ???
#15  0x4ffff0497e07 in ???
#16  0x4ffff0498d47 in ???
#17  0x4ffff096ef4f in ???
#18  0x4ffff046ff1b in ???
#0  0x4ffff078c227 in ???
#1  0x4ffff078b85f in ???
#2  0x4ffff094701f in ???
#3  0x4ffff0946ce8 in ???
#4  0x4ffff097bdcb in ???
#5  0x4ffff0829437 in ???
#6  0x4ffff07c22ff in ???
#7  0x4ffff07c2397 in ???
#8  0x4ffff07c0caf in ???
#9  0x4ffff07c2f3f in ???
#10  0x4ffff07c2d6f in ???
#11  0x4ffff04fb4af in ???
#12  0x4ffff04b04bb in ???
#13  0x4ffff049ca6f in ???
#14  0x4ffff04720ab in ???
#15  0x4ffff0497e07 in ???
#16  0x4ffff0498d47 in ???
#17  0x4ffff096ef4f in ???
#18  0x4ffff046ff1b in ???
#0  0x4ffff078c227 in ???
#1  0x4ffff078b85f in ???
#2  0x4ffff094701f in ???
#3  0x4ffff0946ce8 in ???
#4  0x4ffff097bdcb in ???
#5  0x4ffff0829437 in ???
#6  0x4ffff07c22ff in ???
#7  0x4ffff07c2397 in ???
#8  0x4ffff07c0caf in ???
#9  0x4ffff07c2f3f in ???
#10  0x4ffff07c2d6f in ???
#11  0x4ffff04fb4af in ???
#12  0x4ffff04b04bb in ???
#13  0x4ffff049ca6f in ???
#14  0x4ffff04720ab in ???
#15  0x4ffff0497e07 in ???
#16  0x4ffff0498d47 in ???
#17  0x4ffff096ef4f in ???
#18  0x4ffff046ff1b in ???
#6  0x4ffff07c22ff in ???
#7  0x4ffff07c2397 in ???
#8  0x4ffff07c0caf in ???
#9  0x4ffff07c2f3f in ???
#10  0x4ffff07c2d6f in ???
#11  0x4ffff04fb4af in ???
#12  0x4ffff04b04bb in ???
#13  0x4ffff049ca6f in ???
#14  0x4ffff04720ab in ???
#15  0x4ffff0497e07 in ???
#16  0x4ffff0498d47 in ???
#17  0x4ffff096ef4f in ???
#18  0x4ffff046ff1b in ???
#5  0x4ffff0829437 in ???
#6  0x4ffff07c22ff in ???
#7  0x4ffff07c2397 in ???
#8  0x4ffff07c0caf in ???
#9  0x4ffff07c2f3f in ???
#10  0x4ffff07c2d6f in ???
#11  0x4ffff04fb4af in ???
#12  0x4ffff04b04bb in ???
#13  0x4ffff049ca6f in ???
#14  0x4ffff04720ab in ???
#15  0x4ffff0497e07 in ???
#16  0x4ffff0498d47 in ???
#17  0x4ffff096ef4f in ???
#18  0x4ffff046ff1b in ???
#15  0x4ffff0497e07 in ???
#16  0x4ffff0498d47 in ???
#17  0x4ffff096ef4f in ???
#18  0x4ffff046ff1b in ???
#0  0x4ffff078c227 in ???
#0  0x4ffff078c227 in ???
#1  0x4ffff078b85f in ???
#1  0x4ffff078b85f in ???
#0  0x4ffff078c227 in ???
#1  0x4ffff078b85f in ???
#2  0x4ffff094701f in ???
#2  0x4ffff094701f in ???
#2  0x4ffff094701f in ???
#3  0x4ffff0946ce8 in ???
#4  0x4ffff097bdcb in ???
#5  0x4ffff0829437 in ???
#6  0x4ffff07c22ff in ???
#7  0x4ffff07c2397 in ???
#8  0x4ffff07c0caf in ???
#9  0x4ffff07c2f3f in ???
#10  0x4ffff07c2d6f in ???
#11  0x4ffff04fb4af in ???
#12  0x4ffff04b04bb in ???
#13  0x4ffff049ca6f in ???
#14  0x4ffff04720ab in ???
#15  0x4ffff0497e07 in ???
#16  0x4ffff0498d47 in ???
#17  0x4ffff096ef4f in ???
#18  0x4ffff046ff1b in ???
#3  0x4ffff0946ce8 in ???
#3  0x4ffff0946ce8 in ???
#0  0x4ffff078c227 in ???
#0  0x4ffff078c227 in ???
#4  0x4ffff097bdcb in ???
#4  0x4ffff097bdcb in ???
#1  0x4ffff078b85f in ???
#1  0x4ffff078b85f in ???
#0  0x4ffff078c227 in ???
#5  0x4ffff0829437 in ???
#5  0x4ffff0829437 in ???
#2  0x4ffff094701f in ???
#2  0x4ffff094701f in ???
#6  0x4ffff07c22ff in ???
#6  0x4ffff07c22ff in ???
#3  0x4ffff0946ce8 in ???
#7  0x4ffff07c2397 in ???
#7  0x4ffff07c2397 in ???
#4  0x4ffff097bdcb in ???
#8  0x4ffff07c0caf in ???
#8  0x4ffff07c0caf in ???
#5  0x4ffff0829437 in ???
#9  0x4ffff07c2f3f in ???
#9  0x4ffff07c2f3f in ???
#6  0x4ffff07c22ff in ???
#10  0x4ffff07c2d6f in ???
#7  0x4ffff07c2397 in ???
#11  0x4ffff04fb4af in ???
#8  0x4ffff07c0caf in ???
#12  0x4ffff04b04bb in ???
#9  0x4ffff07c2f3f in ???
#13  0x4ffff049ca6f in ???
#10  0x4ffff07c2d6f in ???
#14  0x4ffff04720ab in ???
#11  0x4ffff04fb4af in ???
#15  0x4ffff0497e07 in ???
#12  0x4ffff04b04bb in ???
#16  0x4ffff0498d47 in ???
#13  0x4ffff049ca6f in ???
#17  0x4ffff096ef4f in ???
#18  0x4ffff046ff1b in ???
#4  0x4ffff097bdcb in ???
#5  0x4ffff0829437 in ???
#6  0x4ffff07c22ff in ???
#7  0x4ffff07c2397 in ???
#8  0x4ffff07c0caf in ???
#9  0x4ffff07c2f3f in ???
#10  0x4ffff07c2d6f in ???
#11  0x4ffff04fb4af in ???
#12  0x4ffff04b04bb in ???
#13  0x4ffff049ca6f in ???
#14  0x4ffff04720ab in ???
#15  0x4ffff0497e07 in ???
#16  0x4ffff0498d47 in ???
#17  0x4ffff096ef4f in ???
#18  0x4ffff046ff1b in ???
#11  0x4ffff04fb4af in ???
#12  0x4ffff04b04bb in ???
#13  0x4ffff049ca6f in ???
#14  0x4ffff04720ab in ???
#15  0x4ffff0497e07 in ???
#16  0x4ffff0498d47 in ???
#17  0x4ffff096ef4f in ???
#18  0x4ffff046ff1b in ???
#4  0x4ffff097bdcb in ???
#5  0x4ffff0829437 in ???
#6  0x4ffff07c22ff in ???
#7  0x4ffff07c2397 in ???
#8  0x4ffff07c0caf in ???
#9  0x4ffff07c2f3f in ???
#10  0x4ffff07c2d6f in ???
#11  0x4ffff04fb4af in ???
#12  0x4ffff04b04bb in ???
#13  0x4ffff049ca6f in ???
#14  0x4ffff04720ab in ???
#15  0x4ffff0497e07 in ???
#16  0x4ffff0498d47 in ???
#17  0x4ffff096ef4f in ???
#18  0x4ffff046ff1b in ???
#6  0x4ffff07c22ff in ???
#7  0x4ffff07c2397 in ???
#8  0x4ffff07c0caf in ???
#9  0x4ffff07c2f3f in ???
#10  0x4ffff07c2d6f in ???
#11  0x4ffff04fb4af in ???
#12  0x4ffff04b04bb in ???
#13  0x4ffff049ca6f in ???
#14  0x4ffff04720ab in ???
#15  0x4ffff0497e07 in ???
#16  0x4ffff0498d47 in ???
#17  0x4ffff096ef4f in ???
#18  0x4ffff046ff1b in ???
#10  0x4ffff07c2d6f in ???
#11  0x4ffff04fb4af in ???
#12  0x4ffff04b04bb in ???
#13  0x4ffff049ca6f in ???
#14  0x4ffff04720ab in ???
#15  0x4ffff0497e07 in ???
#16  0x4ffff0498d47 in ???
#17  0x4ffff096ef4f in ???
#18  0x4ffff046ff1b in ???
#0  0x4ffff078c227 in ???
#1  0x4ffff078b85f in ???
#2  0x4ffff094701f in ???
#3  0x4ffff0946ce8 in ???
#4  0x4ffff097bdcb in ???
#5  0x4ffff0829437 in ???
#6  0x4ffff07c22ff in ???
#7  0x4ffff07c2397 in ???
#8  0x4ffff07c0caf in ???
#9  0x4ffff07c2f3f in ???
#10  0x4ffff07c2d6f in ???
#11  0x4ffff04fb4af in ???
#12  0x4ffff04b04bb in ???
#13  0x4ffff049ca6f in ???
#14  0x4ffff04720ab in ???
#15  0x4ffff0497e07 in ???
#16  0x4ffff0498d47 in ???
#17  0x4ffff096ef4f in ???
#18  0x4ffff046ff1b in ???
#11  0x4ffff04fb4af in ???
#12  0x4ffff04b04bb in ???
#13  0x4ffff049ca6f in ???
#14  0x4ffff04720ab in ???
#15  0x4ffff0497e07 in ???
#16  0x4ffff0498d47 in ???
#17  0x4ffff096ef4f in ???
#18  0x4ffff046ff1b in ???
#7  0x4ffff07c2397 in ???
#8  0x4ffff07c0caf in ???
#9  0x4ffff07c2f3f in ???
#10  0x4ffff07c2d6f in ???
#11  0x4ffff04fb4af in ???
#12  0x4ffff04b04bb in ???
#13  0x4ffff049ca6f in ???
#14  0x4ffff04720ab in ???
#15  0x4ffff0497e07 in ???
#16  0x4ffff0498d47 in ???
#17  0x4ffff096ef4f in ???
#18  0x4ffff046ff1b in ???
#0  0x4ffff078c227 in ???
#1  0x4ffff078b85f in ???
#2  0x4ffff094701f in ???
#3  0x4ffff0946ce8 in ???
#4  0x4ffff097bdcb in ???
#5  0x4ffff0829437 in ???
#6  0x4ffff07c22ff in ???
#7  0x4ffff07c2397 in ???
#8  0x4ffff07c0caf in ???
#9  0x4ffff07c2f3f in ???
#10  0x4ffff07c2d6f in ???
#11  0x4ffff04fb4af in ???
#12  0x4ffff04b04bb in ???
#13  0x4ffff049ca6f in ???
#14  0x4ffff04720ab in ???
#15  0x4ffff0497e07 in ???
#16  0x4ffff0498d47 in ???
#17  0x4ffff096ef4f in ???
#18  0x4ffff046ff1b in ???
#0  0x4ffff078c227 in ???
#1  0x4ffff078b85f in ???
#2  0x4ffff094701f in ???
#3  0x4ffff0946ce8 in ???
#4  0x4ffff097bdcb in ???
#5  0x4ffff0829437 in ???
#6  0x4ffff07c22ff in ???
#7  0x4ffff07c2397 in ???
#8  0x4ffff07c0caf in ???
#9  0x4ffff07c2f3f in ???
#10  0x4ffff07c2d6f in ???
#11  0x4ffff04fb4af in ???
#12  0x4ffff04b04bb in ???
#13  0x4ffff049ca6f in ???
#14  0x4ffff04720ab in ???
#15  0x4ffff0497e07 in ???
#16  0x4ffff0498d47 in ???
#17  0x4ffff096ef4f in ???
#18  0x4ffff046ff1b in ???
#0  0x4ffff078c227 in ???
#1  0x4ffff078b85f in ???
#2  0x4ffff094701f in ???
#3  0x4ffff0946ce8 in ???
#4  0x4ffff097bdcb in ???
#5  0x4ffff0829437 in ???
#6  0x4ffff07c22ff in ???
#7  0x4ffff07c2397 in ???
#8  0x4ffff07c0caf in ???
#9  0x4ffff07c2f3f in ???
#10  0x4ffff07c2d6f in ???
#11  0x4ffff04fb4af in ???
#12  0x4ffff04b04bb in ???
#13  0x4ffff049ca6f in ???
#14  0x4ffff04720ab in ???
#15  0x4ffff0497e07 in ???
#16  0x4ffff0498d47 in ???
#17  0x4ffff096ef4f in ???
#18  0x4ffff046ff1b in ???
#1  0x4ffff078b85f in ???
#2  0x4ffff094701f in ???
#3  0x4ffff0946ce8 in ???
#4  0x4ffff097bdcb in ???
#5  0x4ffff0829437 in ???
#6  0x4ffff07c22ff in ???
#7  0x4ffff07c2397 in ???
#8  0x4ffff07c0caf in ???
#9  0x4ffff07c2f3f in ???
#10  0x4ffff07c2d6f in ???
#11  0x4ffff04fb4af in ???
#12  0x4ffff04b04bb in ???
#13  0x4ffff049ca6f in ???
#14  0x4ffff04720ab in ???
#15  0x4ffff0497e07 in ???
#16  0x4ffff0498d47 in ???
#17  0x4ffff096ef4f in ???
#18  0x4ffff046ff1b in ???
#3  0x4ffff0946ce8 in ???
#4  0x4ffff097bdcb in ???
#5  0x4ffff0829437 in ???
#6  0x4ffff07c22ff in ???
#7  0x4ffff07c2397 in ???
#8  0x4ffff07c0caf in ???
#9  0x4ffff07c2f3f in ???
#10  0x4ffff07c2d6f in ???
#11  0x4ffff04fb4af in ???
#12  0x4ffff04b04bb in ???
#13  0x4ffff049ca6f in ???
#14  0x4ffff04720ab in ???
#15  0x4ffff0497e07 in ???
#16  0x4ffff0498d47 in ???
#17  0x4ffff096ef4f in ???
#18  0x4ffff046ff1b in ???
#10  0x4ffff07c2d6f in ???
#11  0x4ffff04fb4af in ???
#12  0x4ffff04b04bb in ???
#13  0x4ffff049ca6f in ???
#14  0x4ffff04720ab in ???
#15  0x4ffff0497e07 in ???
#16  0x4ffff0498d47 in ???
#17  0x4ffff096ef4f in ???
#18  0x4ffff046ff1b in ???
#14  0x4ffff04720ab in ???
#15  0x4ffff0497e07 in ???
#16  0x4ffff0498d47 in ???
#17  0x4ffff096ef4f in ???
#18  0x4ffff046ff1b in ???
[3660979 ## 2022-05-30/22:19:09] warning: cpu [44]: user's mpe task: tid= 36, pid= 9445, terminated by sig 6
[3660979 ## 2022-05-30/22:19:09] warning: cpu [44]: user's mpe task: tid= 37, pid= 9446, terminated by sig 6
[3660979 ## 2022-05-30/22:19:09] warning: cpu [44]: user's mpe task: tid= 38, pid= 9447, terminated by sig 6
[3660979 ## 2022-05-30/22:19:09] warning: cpu [44]: user's mpe task: tid= 39, pid= 9448, terminated by sig 6
[3660979 ## 2022-05-30/22:19:09] warning: cpu [16]: user's mpe task: tid= 1, pid= 14509, terminated by sig 6
[3660979 ## 2022-05-30/22:19:09] warning: cpu [16]: user's mpe task: tid= 0, pid= 14508, terminated by sig 6
[3660979 ## 2022-05-30/22:19:09] warning: cpu [16]: user's mpe task: tid= 3, pid= 14512, terminated by sig 6
[3660979 ## 2022-05-30/22:19:09] warning: cpu [16]: user's mpe task: tid= 4, pid= 14514, terminated by sig 6
[3660979 ## 2022-05-30/22:19:09] warning: cpu [16]: user's mpe task: tid= 5, pid= 14516, terminated by sig 6
[3660979 ## 2022-05-30/22:19:09] warning: cpu [17]: user's mpe task: tid= 9, pid= 13310, terminated by sig 6
[3660979 ## 2022-05-30/22:19:09] warning: cpu [17]: user's mpe task: tid= 10, pid= 13312, terminated by sig 6
[3660979 ## 2022-05-30/22:19:09] warning: cpu [17]: user's mpe task: tid= 8, pid= 13309, terminated by sig 6
[3660979 ## 2022-05-30/22:19:09] warning: cpu [17]: user's mpe task: tid= 11, pid= 13314, terminated by sig 6
[3660979 ## 2022-05-30/22:19:09] warning: cpu [18]: user's mpe task: tid= 16, pid= 8329, terminated by sig 6
[3660979 ## 2022-05-30/22:19:09] warning: cpu [20]: user's mpe task: tid= 26, pid= 12160, terminated by sig 6
[3660979 ## 2022-05-30/22:19:10] warning: cpu [16]: user's mpe task: tid= 2, pid= 14511, terminated by sig 6
[3660979 ## 2022-05-30/22:19:10] warning: cpu [17]: user's mpe task: tid= 6, pid= 13306, terminated by sig 6
[3660979 ## 2022-05-30/22:19:09] warning: cpu [18]: user's mpe task: tid= 13, pid= 8326, terminated by sig 6
[3660979 ## 2022-05-30/22:19:09] warning: cpu [20]: user's mpe task: tid= 29, pid= 12165, terminated by sig 6
[3660979 ## 2022-05-30/22:19:10] warning: cpu [17]: user's mpe task: tid= 7, pid= 13307, terminated by sig 6
[3660979 ## 2022-05-30/22:19:09] warning: cpu [18]: user's mpe task: tid= 17, pid= 8331, terminated by sig 6
[3660979 ## 2022-05-30/22:19:09] warning: cpu [20]: user's mpe task: tid= 28, pid= 12163, terminated by sig 6
[3660979 ## 2022-05-30/22:19:09] warning: cpu [18]: user's mpe task: tid= 12, pid= 8325, terminated by sig 6
[3660979 ## 2022-05-30/22:19:09] warning: cpu [19]: user's mpe task: tid= 18, pid= 3738, terminated by sig 6
[3660979 ## 2022-05-30/22:19:09] warning: cpu [20]: user's mpe task: tid= 25, pid= 12158, terminated by sig 6
[3660979 ## 2022-05-30/22:19:09] warning: cpu [18]: user's mpe task: tid= 14, pid= 8327, terminated by sig 6
[3660979 ## 2022-05-30/22:19:09] warning: cpu [19]: user's mpe task: tid= 21, pid= 3741, terminated by sig 6
[3660979 ## 2022-05-30/22:19:10] warning: cpu [20]: user's mpe task: tid= 27, pid= 12162, terminated by sig 6
[3660979 ## 2022-05-30/22:19:09] warning: cpu [21]: user's mpe task: tid= 30, pid= 12271, terminated by sig 6
[3660979 ## 2022-05-30/22:19:10] warning: cpu [18]: user's mpe task: tid= 15, pid= 8328, terminated by sig 6
[3660979 ## 2022-05-30/22:19:09] warning: cpu [19]: user's mpe task: tid= 23, pid= 3743, terminated by sig 6
[3660979 ## 2022-05-30/22:19:10] warning: cpu [20]: user's mpe task: tid= 24, pid= 12157, terminated by sig 6
[3660979 ## 2022-05-30/22:19:09] warning: cpu [21]: user's mpe task: tid= 34, pid= 12276, terminated by sig 6
[3660979 ## 2022-05-30/22:19:09] warning: cpu [19]: user's mpe task: tid= 20, pid= 3740, terminated by sig 6
[3660979 ## 2022-05-30/22:19:09] warning: cpu [21]: user's mpe task: tid= 33, pid= 12275, terminated by sig 6
[3660979 ## 2022-05-30/22:19:10] warning: cpu [19]: user's mpe task: tid= 22, pid= 3742, terminated by sig 6
[3660979 ## 2022-05-30/22:19:09] warning: cpu [21]: user's mpe task: tid= 31, pid= 12272, terminated by sig 6
[3660979 ## 2022-05-30/22:19:10] warning: cpu [19]: user's mpe task: tid= 19, pid= 3739, terminated by sig 6
[3660979 ## 2022-05-30/22:19:09] warning: cpu [21]: user's mpe task: tid= 32, pid= 12274, terminated by sig 6
[3660979 ## 2022-05-30/22:19:10] warning: cpu [21]: user's mpe task: tid= 35, pid= 12277, terminated by sig 6
dispatching ...
Job 3660979 has been finished, exit reason: kill by signal.
Job <3660980> has been submitted to queue <q_share>
waiting for dispatch ...
 im,jm,kb=        6049        6049          19

zeros=
	data type = double
	pos = -1
	is_pseudo = 0
	bitset = 111
	global_shape = [6049, 6049, 19]
	procs_shape = [10, 6, 1]
	bound_type = [0, 0, 0]
	stencil_type = 1
	stencil_width = 1
	lx = [605, 605, 605, 605, 605, 605, 605, 605, 605, 604]
	ly = [1009, 1008, 1008, 1008, 1008, 1008]
	lz = [19]
	clx = [0, 605, 1210, 1815, 2420, 3025, 3630, 4235, 4840, 5445, 6049]
	cly = [0, 1009, 2017, 3025, 4033, 5041, 6049]
	clz = [0, 19]

terminate called after throwing an instance of 'std::bad_alloc'
terminate called after throwing an instance of 'std::bad_alloc'
  what():  std::bad_alloc
terminate called after throwing an instance of 'std::bad_alloc'
  what():  std::bad_alloc
terminate called after throwing an instance of 'std::bad_allocterminate called after throwing an instance of 'std::bad_alloc'
  what():  std::bad_alloc
terminate called after throwing an instance of 'std::bad_alloc'
terminate called after throwing an instance of 'std::bad_alloc'
  what():  terminate called after throwing an instance of 'std::bad_alloc'
  what():  std::bad_alloc
terminate called after throwing an instance of 'std::bad_alloc'
  what():  std::bad_alloc

Program received signal SIGABRT: Process abort signal.
terminate called after throwing an instance of 'std::bad_alloc'
  what():  std::bad_alloc

Program received signal SIGABRT: Process abort signal.
terminate called after throwing an instance of 'std::bad_alloc'
terminate called after throwing an instance of 'std::bad_alloc'
  what():  std::bad_allocterminate called after throwing an instance of 'std::bad_alloc'
  what():  std::bad_allocterminate called after throwing an instance of 'std::bad_alloc'
  what():  std::bad_alloc
terminate called after throwing an instance of 'std::bad_alloc'
terminate called after throwing an instance of 'std::bad_alloc'
  what():  std::bad_alloc
  what():  std::bad_alloc

Program received signal SIGABRT: Process abort signal.

Backtrace for this error:

Program received signal SIGABRT: Process abort signal.

Backtrace for this error:

Program received signal SIGABRT: Process abort signal.

Backtrace for this error:
terminate called after throwing an instance of 'std::bad_alloc'
  what():  std::bad_alloc

Program received signal SIGABRT: Process abort signal.

Backtrace for this error:

Program received signal SIGABRT: Process abort signal.

Backtrace for this error:
terminate called after throwing an instance of 'std::bad_alloc'
  what():  terminate called after throwing an instance of 'std::bad_alloc'
  what():  std::bad_alloc
terminate called after throwing an instance of 'std::bad_alloc'
  what():  std::bad_alloc
terminate called after throwing an instance of 'std::bad_alloc'
  what():  std::bad_alloc

Program received signal SIGABRT: Process abort signal.

Backtrace for this error:
terminate called after throwing an instance of 'std::bad_alloc'
  what():  std::bad_alloc
terminate called after throwing an instance of 'std::bad_alloc'
  what():  std::bad_allocterminate called after throwing an instance of 'std::bad_alloc'
  what():  std::bad_alloc
terminate called after throwing an instance of 'std::bad_alloc'
  what():  std::bad_alloc

Program received signal SIGABRT: Process abort signal.
terminate called after throwing an instance of 'std::bad_alloc'
  what():  std::bad_alloc
terminate called after throwing an instance of 'std::bad_alloc'
terminate called after throwing an instance of 'std::bad_alloc'
  what():  std::bad_alloc
terminate called after throwing an instance of 'std::bad_alloc'
  what():  std::bad_alloc

Program received signal SIGABRT: Process abort signal.
terminate called after throwing an instance of 'std::bad_alloc'
  what():  std::bad_alloc
terminate called after throwing an instance of 'std::bad_alloc'
  what():  std::bad_alloc

Program received signal SIGABRT: Process abort signal.

Backtrace for this error:
terminate called after throwing an instance of 'std::bad_alloc'
terminate called after throwing an instance of 'std::bad_alloc'
  what():  std::bad_alloc

Program received signal SIGABRT: Process abort signal.

Backtrace for this error:
terminate called after throwing an instance of 'std::bad_alloc'
  what():  std::bad_alloc
terminate called after throwing an instance of 'std::bad_alloc'
terminate called after throwing an instance of 'std::bad_alloc'
  what():  std::bad_alloc
terminate called after throwing an instance of 'std::bad_alloc'
  what():  std::bad_allocterminate called after throwing an instance of 'std::bad_alloc'
  what():  std::bad_alloc

Program received signal SIGABRT: Process abort signal.

Backtrace for this error:
terminate called after throwing an instance of 'std::bad_alloc'
  what():  std::bad_alloc

Program received signal SIGABRT: Process abort signal.

Backtrace for this error:
terminate called after throwing an instance of 'std::bad_alloc'
  what():  std::bad_alloc

Program received signal SIGABRT: Process abort signal.

Backtrace for this error:
terminate called after throwing an instance of 'std::bad_alloc'
  what():  std::bad_alloc
terminate called after throwing an instance of 'std::bad_alloc'
terminate called after throwing an instance of 'terminate called after throwing an instance of 'std::bad_alloc'
  what():  std::bad_alloc
'
  what():  std::bad_alloc

Program received signal SIGABRT: Process abort signal.

Backtrace for this error:
  what():  std::bad_alloc

Program received signal SIGABRT: Process abort signal.

Backtrace for this error:
std::bad_alloc

Program received signal SIGABRT: Process abort signal.

Backtrace for this error:

Program received signal SIGABRT: Process abort signal.

Backtrace for this error:

Backtrace for this error:

Backtrace for this error:
std::bad_alloc

Program received signal SIGABRT: Process abort signal.

Backtrace for this error:

Program received signal SIGABRT: Process abort signal.

Backtrace for this error:

Program received signal SIGABRT: Process abort signal.

Backtrace for this error:

Program received signal SIGABRT: Process abort signal.

Backtrace for this error:
terminate called after throwing an instance of 'std::bad_alloc'
  what():  std::bad_alloc

Program received signal SIGABRT: Process abort signal.

Backtrace for this error:


Program received signal SIGABRT: Process abort signal.

Backtrace for this error:

Program received signal SIGABRT: Process abort signal.

Backtrace for this error:

Backtrace for this error:

Program received signal SIGABRT: Process abort signal.

Backtrace for this error:
  what():  std::bad_alloc

Program received signal SIGABRT: Process abort signal.

Backtrace for this error:


Program received signal SIGABRT: Process abort signal.

Backtrace for this error:


Program received signal SIGABRT: Process abort signal.

Backtrace for this error:

Program received signal SIGABRT: Process abort signal.

Backtrace for this error:
terminate called after throwing an instance of 'std::bad_alloc'
  what():  std::bad_alloc

Program received signal SIGABRT: Process abort signal.

Backtrace for this error:
  what():  std::bad_alloc

Program received signal SIGABRT: Process abort signal.

Backtrace for this error:

Program received signal SIGABRT: Process abort signal.

Backtrace for this error:

Backtrace for this error:

Program received signal SIGABRT: Process abort signal.

Backtrace for this error:
  what():  std::bad_alloc

Program received signal SIGABRT: Process abort signal.

Backtrace for this error:

Program received signal SIGABRT: Process abort signal.

Backtrace for this error:
terminate called after throwing an instance of 'std::bad_alloc'
  what():  std::bad_alloc

Program received signal SIGABRT: Process abort signal.

Backtrace for this error:

Program received signal SIGABRT: Process abort signal.

Backtrace for this error:


Program received signal SIGABRT: Process abort signal.

Backtrace for this error:

Program received signal SIGABRT: Process abort signal.

Backtrace for this error:
terminate called after throwing an instance of 'std::bad_alloc'
  what():  std::bad_alloc

Program received signal SIGABRT: Process abort signal.

Backtrace for this error:
terminate called after throwing an instance of 'std::bad_alloc'
  what():  std::bad_alloc

Program received signal SIGABRT: Process abort signal.

Backtrace for this error:
  what():  std::bad_alloc

Program received signal SIGABRT: Process abort signal.

Backtrace for this error:
terminate called after throwing an instance of 'std::bad_alloc'
  what():  std::bad_alloc

Program received signal SIGABRT: Process abort signal.

Backtrace for this error:

Program received signal SIGABRT: Process abort signal.

Backtrace for this error:
  what():  std::bad_alloc

Program received signal SIGABRT: Process abort signal.

Backtrace for this error:
terminate called after throwing an instance of 'std::bad_alloc'
  what():  std::bad_alloc

Program received signal SIGABRT: Process abort signal.

Backtrace for this error:
terminate called after throwing an instance of 'std::bad_alloc'
  what():  std::bad_alloc

Program received signal SIGABRT: Process abort signal.

Backtrace for this error:

Program received signal SIGABRT: Process abort signal.

Backtrace for this error:
terminate called after throwing an instance of 'std::bad_alloc'
  what():  std::bad_alloc

Program received signal SIGABRT: Process abort signal.

Backtrace for this error:
terminate called after throwing an instance of 'terminate called after throwing an instance of 'terminate called after throwing an instance of 'terminate called after throwing an instance of 'terminate called after throwing an instance of '  what():  terminate called after throwing an instance of 'std::bad_alloc'
  what():  std::bad_alloc

Program received signal SIGABRT: Process abort signal.

Backtrace for this error:
std::bad_alloc'
  what():  std::bad_alloc

Program received signal SIGABRT: Process abort signal.

Backtrace for this error:
terminate called after throwing an instance of 'std::bad_allocstd::bad_alloc'
  what():  std::bad_alloc

Program received signal SIGABRT: Process abort signal.

Backtrace for this error:
std::bad_allocstd::bad_allocstd::bad_allocstd::bad_allocstd::bad_alloc'
'
'
'

'
  what():    what():    what():    what():  
Program received signal SIGABRT: Process abort signal.
  what():  std::bad_allocstd::bad_allocstd::bad_allocstd::bad_alloc
Backtrace for this error:
std::bad_alloc





Program received signal SIGABRT: Process abort signal.

Program received signal SIGABRT: Process abort signal.

Backtrace for this error:

Program received signal SIGABRT: Process abort signal.

Program received signal SIGABRT: Process abort signal.

Program received signal SIGABRT: Process abort signal.

Backtrace for this error:

Backtrace for this error:

Backtrace for this error:

Backtrace for this error:
#0  0x4ffff078c227 in ???
#1  0x4ffff078b85f in ???
#2  0x4ffff094701f in ???
#3  0x4ffff0946ce8 in ???
#0  0x4ffff078c227 in ???
#1  0x4ffff078b85f in ???
#2  0x4ffff094701f in ???
#3  0x4ffff0946ce8 in ???
#0  0x4ffff078c227 in ???
#1  0x4ffff078b85f in ???
#2  0x4ffff094701f in ???
#3  0x4ffff0946ce8 in ???
#0  0x4ffff078c227 in ???
#1  0x4ffff078b85f in ???
#0  0x4ffff078c227 in ???
#1  0x4ffff078b85f in ???
#2  0x4ffff094701f in ???
#3  0x4ffff0946ce8 in ???
#4  0x4ffff097bdcb in ???
#5  0x4ffff0829437 in ???
#0  0x4ffff078c227 in ???
#1  0x4ffff078b85f in ???
#2  0x4ffff094701f in ???
#3  0x4ffff0946ce8 in ???
#4  0x4ffff097bdcb in ???
#5  0x4ffff0829437 in ???
#6  0x4ffff07c22ff in ???
#7  0x4ffff07c2397 in ???
#8  0x4ffff07c0caf in ???
#9  0x4ffff07c2f3f in ???
#10  0x4ffff07c2d6f in ???
#0  0x4ffff078c227 in ???
#1  0x4ffff078b85f in ???
#2  0x4ffff094701f in ???
#3  0x4ffff0946ce8 in ???
#4  0x4ffff097bdcb in ???
#5  0x4ffff0829437 in ???
#6  0x4ffff07c22ff in ???
#7  0x4ffff07c2397 in ???
#8  0x4ffff07c0caf in ???
#9  0x4ffff07c2f3f in ???
#10  0x4ffff07c2d6f in ???
#11  0x4ffff04fb4af in ???
#12  0x4ffff04b04bb in ???
#13  0x4ffff049ca6f in ???
#14  0x4ffff04729a7 in ???
#15  0x4ffff0497e07 in ???
#0  0x4ffff078c227 in ???
#1  0x4ffff078b85f in ???
#2  0x4ffff094701f in ???
#3  0x4ffff0946ce8 in ???
#4  0x4ffff097bdcb in ???
#5  0x4ffff0829437 in ???
#0  0x4ffff078c227 in ???
#1  0x4ffff078b85f in ???
#2  0x4ffff094701f in ???
#3  0x4ffff0946ce8 in ???
#4  0x4ffff097bdcb in ???
#5  0x4ffff0829437 in ???
#4  0x4ffff097bdcb in ???
#5  0x4ffff0829437 in ???
#6  0x4ffff07c22ff in ???
#7  0x4ffff07c2397 in ???
#8  0x4ffff07c0caf in ???
#9  0x4ffff07c2f3f in ???
#10  0x4ffff07c2d6f in ???
#11  0x4ffff04fb4af in ???
#12  0x4ffff04b04bb in ???
#13  0x4ffff049ca6f in ???
#14  0x4ffff04729a7 in ???
#15  0x4ffff0497e07 in ???
#16  0x4ffff0498d47 in ???
#17  0x4ffff096ef4f in ???
#18  0x4ffff046ff1b in ???
#0  0x4ffff078c227 in ???
#1  0x4ffff078b85f in ???
#2  0x4ffff094701f in ???
#0  0x4ffff078c227 in ???
#1  0x4ffff078b85f in ???
#2  0x4ffff094701f in ???
#3  0x4ffff0946ce8 in ???
#0  0x4ffff078c227 in ???
#1  0x4ffff078b85f in ???
#2  0x4ffff094701f in ???
#3  0x4ffff0946ce8 in ???
#4  0x4ffff097bdcb in ???
#5  0x4ffff0829437 in ???
#0  0x4ffff078c227 in ???
#1  0x4ffff078b85f in ???
#2  0x4ffff094701f in ???
#3  0x4ffff0946ce8 in ???
#4  0x4ffff097bdcb in ???
#5  0x4ffff0829437 in ???
#6  0x4ffff07c22ff in ???
#0  0x4ffff078c227 in ???
#1  0x4ffff078b85f in ???
#2  0x4ffff094701f in ???
#3  0x4ffff0946ce8 in ???
#4  0x4ffff097bdcb in ???
#5  0x4ffff0829437 in ???
#6  0x4ffff07c22ff in ???
#7  0x4ffff07c2397 in ???
#8  0x4ffff07c0caf in ???
#9  0x4ffff07c2f3f in ???
#10  0x4ffff07c2d6f in ???
#11  0x4ffff04fb4af in ???
#12  0x4ffff04b04bb in ???
#13  0x4ffff049ca6f in ???
#14  0x4ffff04729a7 in ???
#15  0x4ffff0497e07 in ???
#4  0x4ffff097bdcb in ???
#5  0x4ffff0829437 in ???
#6  0x4ffff07c22ff in ???
#7  0x4ffff07c2397 in ???
#8  0x4ffff07c0caf in ???
#9  0x4ffff07c2f3f in ???
#10  0x4ffff07c2d6f in ???
#11  0x4ffff04fb4af in ???
#12  0x4ffff04b04bb in ???
#13  0x4ffff049ca6f in ???
#14  0x4ffff04729a7 in ???
#15  0x4ffff0497e07 in ???
#16  0x4ffff0498d47 in ???
#17  0x4ffff096ef4f in ???
#18  0x4ffff046ff1b in ???
#0  0x4ffff078c227 in ???
#1  0x4ffff078b85f in ???
#2  0x4ffff094701f in ???
#3  0x4ffff0946ce8 in ???
#4  0x4ffff097bdcb in ???
#5  0x4ffff0829437 in ???
#6  0x4ffff07c22ff in ???
#7  0x4ffff07c2397 in ???
#8  0x4ffff07c0caf in ???
#9  0x4ffff07c2f3f in ???
#10  0x4ffff07c2d6f in ???
#11  0x4ffff04fb4af in ???
#12  0x4ffff04b04bb in ???
#13  0x4ffff049ca6f in ???
#14  0x4ffff04729a7 in ???
#15  0x4ffff0497e07 in ???
#16  0x4ffff0498d47 in ???
#4  0x4ffff097bdcb in ???
#5  0x4ffff0829437 in ???
#6  0x4ffff07c22ff in ???
#7  0x4ffff07c2397 in ???
#8  0x4ffff07c0caf in ???
#9  0x4ffff07c2f3f in ???
#10  0x4ffff07c2d6f in ???
#11  0x4ffff04fb4af in ???
#12  0x4ffff04b04bb in ???
#13  0x4ffff049ca6f in ???
#14  0x4ffff04729a7 in ???
#15  0x4ffff0497e07 in ???
#16  0x4ffff0498d47 in ???
#17  0x4ffff096ef4f in ???
#18  0x4ffff046ff1b in ???
#0  0x4ffff078c227 in ???
#1  0x4ffff078b85f in ???
#2  0x4ffff094701f in ???
#3  0x4ffff0946ce8 in ???
#4  0x4ffff097bdcb in ???
#5  0x4ffff0829437 in ???
#6  0x4ffff07c22ff in ???
#7  0x4ffff07c2397 in ???
#8  0x4ffff07c0caf in ???
#9  0x4ffff07c2f3f in ???
#10  0x4ffff07c2d6f in ???
#11  0x4ffff04fb4af in ???
#12  0x4ffff04b04bb in ???
#0  0x4ffff078c227 in ???
#1  0x4ffff078b85f in ???
#0  0x4ffff078c227 in ???
#1  0x4ffff078b85f in ???
#2  0x4ffff094701f in ???
#3  0x4ffff0946ce8 in ???
#4  0x4ffff097bdcb in ???
#5  0x4ffff0829437 in ???
#6  0x4ffff07c22ff in ???
#7  0x4ffff07c2397 in ???
#8  0x4ffff07c0caf in ???
#0  0x4ffff078c227 in ???
#1  0x4ffff078b85f in ???
#2  0x4ffff094701f in ???
#3  0x4ffff0946ce8 in ???
#4  0x4ffff097bdcb in ???
#5  0x4ffff0829437 in ???
#6  0x4ffff07c22ff in ???
#7  0x4ffff07c2397 in ???
#0  0x4ffff078c227 in ???
#1  0x4ffff078b85f in ???
#2  0x4ffff094701f in ???
#3  0x4ffff0946ce8 in ???
#0  0x4ffff078c227 in ???
#1  0x4ffff078b85f in ???
#2  0x4ffff094701f in ???
#3  0x4ffff0946ce8 in ???
#4  0x4ffff097bdcb in ???
#5  0x4ffff0829437 in ???
#6  0x4ffff07c22ff in ???
#0  0x4ffff078c227 in ???
#1  0x4ffff078b85f in ???
#2  0x4ffff094701f in ???
#3  0x4ffff0946ce8 in ???
#0  0x4ffff078c227 in ???
#1  0x4ffff078b85f in ???
#2  0x4ffff094701f in ???
#3  0x4ffff0946ce8 in ???
#4  0x4ffff097bdcb in ???
#5  0x4ffff0829437 in ???
#6  0x4ffff07c22ff in ???
#7  0x4ffff07c2397 in ???
#8  0x4ffff07c0caf in ???
#9  0x4ffff07c2f3f in ???
#10  0x4ffff07c2d6f in ???
#0  0x4ffff078c227 in ???
#1  0x4ffff078b85f in ???
#2  0x4ffff094701f in ???
#3  0x4ffff0946ce8 in ???
#4  0x4ffff097bdcb in ???
#0  0x4ffff078c227 in ???
#1  0x4ffff078b85f in ???
#0  0x4ffff078c227 in ???
#1  0x4ffff078b85f in ???
#2  0x4ffff094701f in ???
#3  0x4ffff0946ce8 in ???
#4  0x4ffff097bdcb in ???
#5  0x4ffff0829437 in ???
#0  0x4ffff078c227 in ???
#1  0x4ffff078b85f in ???
#2  0x4ffff094701f in ???
#3  0x4ffff0946ce8 in ???
#0  0x4ffff078c227 in ???
#1  0x4ffff078b85f in ???
#2  0x4ffff094701f in ???
#3  0x4ffff0946ce8 in ???
#4  0x4ffff097bdcb in ???
#5  0x4ffff0829437 in ???
#0  0x4ffff078c227 in ???
#1  0x4ffff078b85f in ???
#2  0x4ffff094701f in ???
#3  0x4ffff0946ce8 in ???
#4  0x4ffff097bdcb in ???
#0  0x4ffff078c227 in ???
#1  0x4ffff078b85f in ???
#2  0x4ffff094701f in ???
#3  0x4ffff0946ce8 in ???
#4  0x4ffff097bdcb in ???
#5  0x4ffff0829437 in ???
#6  0x4ffff07c22ff in ???
#0  0x4ffff078c227 in ???
#1  0x4ffff078b85f in ???
#2  0x4ffff094701f in ???
#3  0x4ffff0946ce8 in ???
#4  0x4ffff097bdcb in ???
#0  0x4ffff078c227 in ???
#1  0x4ffff078b85f in ???
#0  0x4ffff078c227 in ???
#1  0x4ffff078b85f in ???
#2  0x4ffff094701f in ???
#3  0x4ffff0946ce8 in ???
#4  0x4ffff097bdcb in ???
#5  0x4ffff0829437 in ???
#6  0x4ffff07c22ff in ???
#7  0x4ffff07c2397 in ???
#0  0x4ffff078c227 in ???
#1  0x4ffff078b85f in ???
#2  0x4ffff094701f in ???
#3  0x4ffff0946ce8 in ???
#4  0x4ffff097bdcb in ???
#5  0x4ffff0829437 in ???
#6  0x4ffff07c22ff in ???
#0  0x4ffff078c227 in ???
#1  0x4ffff078b85f in ???
#2  0x4ffff094701f in ???
#3  0x4ffff0946ce8 in ???
#4  0x4ffff097bdcb in ???
#5  0x4ffff0829437 in ???
#6  0x4ffff07c22ff in ???
#7  0x4ffff07c2397 in ???
#8  0x4ffff07c0caf in ???
#9  0x4ffff07c2f3f in ???
#0  0x4ffff078c227 in ???
#1  0x4ffff078b85f in ???
#2  0x4ffff094701f in ???
#3  0x4ffff0946ce8 in ???
#4  0x4ffff097bdcb in ???
#5  0x4ffff0829437 in ???
#6  0x4ffff07c22ff in ???
#7  0x4ffff07c2397 in ???
#8  0x4ffff07c0caf in ???
#9  0x4ffff07c2f3f in ???
#10  0x4ffff07c2d6f in ???
#11  0x4ffff04fb4af in ???
#12  0x4ffff04b04bb in ???
#13  0x4ffff049ca6f in ???
#14  0x4ffff04729a7 in ???
#15  0x4ffff0497e07 in ???
#16  0x4ffff0498d47 in ???
#17  0x4ffff096ef4f in ???
#18  0x4ffff046ff1b in ???
#2  0x4ffff094701f in ???
#3  0x4ffff0946ce8 in ???
#4  0x4ffff097bdcb in ???
#5  0x4ffff0829437 in ???
#6  0x4ffff07c22ff in ???
#7  0x4ffff07c2397 in ???
#8  0x4ffff07c0caf in ???
#9  0x4ffff07c2f3f in ???
#10  0x4ffff07c2d6f in ???
#11  0x4ffff04fb4af in ???
#12  0x4ffff04b04bb in ???
#13  0x4ffff049ca6f in ???
#14  0x4ffff04729a7 in ???
#15  0x4ffff0497e07 in ???
#16  0x4ffff0498d47 in ???
#17  0x4ffff096ef4f in ???
#18  0x4ffff046ff1b in ???
#0  0x4ffff078c227 in ???
#1  0x4ffff078b85f in ???
#2  0x4ffff094701f in ???
#3  0x4ffff0946ce8 in ???
#4  0x4ffff097bdcb in ???
#5  0x4ffff0829437 in ???
#6  0x4ffff07c22ff in ???
#7  0x4ffff07c2397 in ???
#8  0x4ffff07c0caf in ???
#9  0x4ffff07c2f3f in ???
#10  0x4ffff07c2d6f in ???
#11  0x4ffff04fb4af in ???
#12  0x4ffff04b04bb in ???
#13  0x4ffff049ca6f in ???
#14  0x4ffff04729a7 in ???
#15  0x4ffff0497e07 in ???
#16  0x4ffff0498d47 in ???
#17  0x4ffff096ef4f in ???
#18  0x4ffff046ff1b in ???
#6  0x4ffff07c22ff in ???
#7  0x4ffff07c2397 in ???
#8  0x4ffff07c0caf in ???
#9  0x4ffff07c2f3f in ???
#10  0x4ffff07c2d6f in ???
#11  0x4ffff04fb4af in ???
#12  0x4ffff04b04bb in ???
#13  0x4ffff049ca6f in ???
#14  0x4ffff04729a7 in ???
#15  0x4ffff0497e07 in ???
#16  0x4ffff0498d47 in ???
#17  0x4ffff096ef4f in ???
#18  0x4ffff046ff1b in ???
#0  0x4ffff078c227 in ???
#1  0x4ffff078b85f in ???
#2  0x4ffff094701f in ???
#3  0x4ffff0946ce8 in ???
#4  0x4ffff097bdcb in ???
#5  0x4ffff0829437 in ???
#6  0x4ffff07c22ff in ???
#7  0x4ffff07c2397 in ???
#8  0x4ffff07c0caf in ???
#9  0x4ffff07c2f3f in ???
#10  0x4ffff07c2d6f in ???
#11  0x4ffff04fb4af in ???
#12  0x4ffff04b04bb in ???
#13  0x4ffff049ca6f in ???
#14  0x4ffff04729cb in ???
#15  0x4ffff0497e07 in ???
#16  0x4ffff0498d47 in ???
#17  0x4ffff096ef4f in ???
#18  0x4ffff046ff1b in ???
#11  0x4ffff04fb4af in ???
#12  0x4ffff04b04bb in ???
#13  0x4ffff049ca6f in ???
#14  0x4ffff04729a7 in ???
#15  0x4ffff0497e07 in ???
#16  0x4ffff0498d47 in ???
#17  0x4ffff096ef4f in ???
#18  0x4ffff046ff1b in ???
#16  0x4ffff0498d47 in ???
#17  0x4ffff096ef4f in ???
#18  0x4ffff046ff1b in ???
#6  0x4ffff07c22ff in ???
#7  0x4ffff07c2397 in ???
#8  0x4ffff07c0caf in ???
#9  0x4ffff07c2f3f in ???
#10  0x4ffff07c2d6f in ???
#11  0x4ffff04fb4af in ???
#12  0x4ffff04b04bb in ???
#13  0x4ffff049ca6f in ???
#14  0x4ffff04729a7 in ???
#15  0x4ffff0497e07 in ???
#16  0x4ffff0498d47 in ???
#17  0x4ffff096ef4f in ???
#18  0x4ffff046ff1b in ???
#6  0x4ffff07c22ff in ???
#7  0x4ffff07c2397 in ???
#8  0x4ffff07c0caf in ???
#9  0x4ffff07c2f3f in ???
#10  0x4ffff07c2d6f in ???
#11  0x4ffff04fb4af in ???
#12  0x4ffff04b04bb in ???
#13  0x4ffff049ca6f in ???
#14  0x4ffff04729a7 in ???
#15  0x4ffff0497e07 in ???
#16  0x4ffff0498d47 in ???
#17  0x4ffff096ef4f in ???
#18  0x4ffff046ff1b in ???
#3  0x4ffff0946ce8 in ???
#4  0x4ffff097bdcb in ???
#5  0x4ffff0829437 in ???
#6  0x4ffff07c22ff in ???
#7  0x4ffff07c2397 in ???
#8  0x4ffff07c0caf in ???
#9  0x4ffff07c2f3f in ???
#10  0x4ffff07c2d6f in ???
#11  0x4ffff04fb4af in ???
#12  0x4ffff04b04bb in ???
#13  0x4ffff049ca6f in ???
#14  0x4ffff04729a7 in ???
#15  0x4ffff0497e07 in ???
#16  0x4ffff0498d47 in ???
#17  0x4ffff096ef4f in ???
#18  0x4ffff046ff1b in ???
#0  0x4ffff078c227 in ???
#1  0x4ffff078b85f in ???
#2  0x4ffff094701f in ???
#3  0x4ffff0946ce8 in ???
#4  0x4ffff097bdcb in ???
#5  0x4ffff0829437 in ???
#6  0x4ffff07c22ff in ???
#7  0x4ffff07c2397 in ???
#8  0x4ffff07c0caf in ???
#9  0x4ffff07c2f3f in ???
#10  0x4ffff07c2d6f in ???
#11  0x4ffff04fb4af in ???
#12  0x4ffff04b04bb in ???
#13  0x4ffff049ca6f in ???
#14  0x4ffff04729a7 in ???
#15  0x4ffff0497e07 in ???
#16  0x4ffff0498d47 in ???
#17  0x4ffff096ef4f in ???
#18  0x4ffff046ff1b in ???
#4  0x4ffff097bdcb in ???
#5  0x4ffff0829437 in ???
#6  0x4ffff07c22ff in ???
#7  0x4ffff07c2397 in ???
#8  0x4ffff07c0caf in ???
#9  0x4ffff07c2f3f in ???
#10  0x4ffff07c2d6f in ???
#11  0x4ffff04fb4af in ???
#12  0x4ffff04b04bb in ???
#13  0x4ffff049ca6f in ???
#14  0x4ffff04729a7 in ???
#15  0x4ffff0497e07 in ???
#16  0x4ffff0498d47 in ???
#17  0x4ffff096ef4f in ???
#18  0x4ffff046ff1b in ???
#6  0x4ffff07c22ff in ???
#7  0x4ffff07c2397 in ???
#8  0x4ffff07c0caf in ???
#9  0x4ffff07c2f3f in ???
#10  0x4ffff07c2d6f in ???
#11  0x4ffff04fb4af in ???
#12  0x4ffff04b04bb in ???
#13  0x4ffff049ca6f in ???
#14  0x4ffff04729a7 in ???
#15  0x4ffff0497e07 in ???
#16  0x4ffff0498d47 in ???
#17  0x4ffff096ef4f in ???
#18  0x4ffff046ff1b in ???
#7  0x4ffff07c2397 in ???
#8  0x4ffff07c0caf in ???
#9  0x4ffff07c2f3f in ???
#10  0x4ffff07c2d6f in ???
#11  0x4ffff04fb4af in ???
#12  0x4ffff04b04bb in ???
#13  0x4ffff049ca6f in ???
#14  0x4ffff04729a7 in ???
#15  0x4ffff0497e07 in ???
#16  0x4ffff0498d47 in ???
#17  0x4ffff096ef4f in ???
#18  0x4ffff046ff1b in ???
#16  0x4ffff0498d47 in ???
#17  0x4ffff096ef4f in ???
#18  0x4ffff046ff1b in ???
#17  0x4ffff096ef4f in ???
#18  0x4ffff046ff1b in ???
#13  0x4ffff049ca6f in ???
#14  0x4ffff04729a7 in ???
#15  0x4ffff0497e07 in ???
#16  0x4ffff0498d47 in ???
#17  0x4ffff096ef4f in ???
#18  0x4ffff046ff1b in ???
#0  0x4ffff078c227 in ???
#1  0x4ffff078b85f in ???
#2  0x4ffff094701f in ???
#3  0x4ffff0946ce8 in ???
#4  0x4ffff097bdcb in ???
#5  0x4ffff0829437 in ???
#6  0x4ffff07c22ff in ???
#7  0x4ffff07c2397 in ???
#8  0x4ffff07c0caf in ???
#9  0x4ffff07c2f3f in ???
#10  0x4ffff07c2d6f in ???
#11  0x4ffff04fb4af in ???
#12  0x4ffff04b04bb in ???
#13  0x4ffff049ca6f in ???
#14  0x4ffff04729a7 in ???
#15  0x4ffff0497e07 in ???
#16  0x4ffff0498d47 in ???
#17  0x4ffff096ef4f in ???
#18  0x4ffff046ff1b in ???
#0  0x4ffff078c227 in ???
#1  0x4ffff078b85f in ???
#2  0x4ffff094701f in ???
#3  0x4ffff0946ce8 in ???
#4  0x4ffff097bdcb in ???
#5  0x4ffff0829437 in ???
#6  0x4ffff07c22ff in ???
#7  0x4ffff07c2397 in ???
#8  0x4ffff07c0caf in ???
#9  0x4ffff07c2f3f in ???
#10  0x4ffff07c2d6f in ???
#11  0x4ffff04fb4af in ???
#12  0x4ffff04b04bb in ???
#13  0x4ffff049ca6f in ???
#14  0x4ffff04729a7 in ???
#15  0x4ffff0497e07 in ???
#16  0x4ffff0498d47 in ???
#17  0x4ffff096ef4f in ???
#18  0x4ffff046ff1b in ???
#2  0x4ffff094701f in ???
#3  0x4ffff0946ce8 in ???
#4  0x4ffff097bdcb in ???
#5  0x4ffff0829437 in ???
#6  0x4ffff07c22ff in ???
#7  0x4ffff07c2397 in ???
#8  0x4ffff07c0caf in ???
#9  0x4ffff07c2f3f in ???
#10  0x4ffff07c2d6f in ???
#11  0x4ffff04fb4af in ???
#12  0x4ffff04b04bb in ???
#13  0x4ffff049ca6f in ???
#14  0x4ffff04729a7 in ???
#15  0x4ffff0497e07 in ???
#16  0x4ffff0498d47 in ???
#17  0x4ffff096ef4f in ???
#18  0x4ffff046ff1b in ???
#9  0x4ffff07c2f3f in ???
#10  0x4ffff07c2d6f in ???
#11  0x4ffff04fb4af in ???
#12  0x4ffff04b04bb in ???
#13  0x4ffff049ca6f in ???
#14  0x4ffff04729a7 in ???
#15  0x4ffff0497e07 in ???
#16  0x4ffff0498d47 in ???
#17  0x4ffff096ef4f in ???
#18  0x4ffff046ff1b in ???
#8  0x4ffff07c0caf in ???
#9  0x4ffff07c2f3f in ???
#10  0x4ffff07c2d6f in ???
#11  0x4ffff04fb4af in ???
#12  0x4ffff04b04bb in ???
#13  0x4ffff049ca6f in ???
#14  0x4ffff04729a7 in ???
#15  0x4ffff0497e07 in ???
#16  0x4ffff0498d47 in ???
#17  0x4ffff096ef4f in ???
#18  0x4ffff046ff1b in ???
#4  0x4ffff097bdcb in ???
#5  0x4ffff0829437 in ???
#6  0x4ffff07c22ff in ???
#7  0x4ffff07c2397 in ???
#8  0x4ffff07c0caf in ???
#9  0x4ffff07c2f3f in ???
#10  0x4ffff07c2d6f in ???
#11  0x4ffff04fb4af in ???
#12  0x4ffff04b04bb in ???
#13  0x4ffff049ca6f in ???
#14  0x4ffff04729a7 in ???
#15  0x4ffff0497e07 in ???
#16  0x4ffff0498d47 in ???
#17  0x4ffff096ef4f in ???
#18  0x4ffff046ff1b in ???
#7  0x4ffff07c2397 in ???
#8  0x4ffff07c0caf in ???
#9  0x4ffff07c2f3f in ???
#10  0x4ffff07c2d6f in ???
#11  0x4ffff04fb4af in ???
#12  0x4ffff04b04bb in ???
#13  0x4ffff049ca6f in ???
#14  0x4ffff04729a7 in ???
#15  0x4ffff0497e07 in ???
#16  0x4ffff0498d47 in ???
#17  0x4ffff096ef4f in ???
#18  0x4ffff046ff1b in ???
#4  0x4ffff097bdcb in ???
#5  0x4ffff0829437 in ???
#6  0x4ffff07c22ff in ???
#7  0x4ffff07c2397 in ???
#8  0x4ffff07c0caf in ???
#9  0x4ffff07c2f3f in ???
#10  0x4ffff07c2d6f in ???
#11  0x4ffff04fb4af in ???
#12  0x4ffff04b04bb in ???
#13  0x4ffff049ca6f in ???
#14  0x4ffff04729a7 in ???
#15  0x4ffff0497e07 in ???
#16  0x4ffff0498d47 in ???
#17  0x4ffff096ef4f in ???
#18  0x4ffff046ff1b in ???
#11  0x4ffff04fb4af in ???
#12  0x4ffff04b04bb in ???
#13  0x4ffff049ca6f in ???
#14  0x4ffff04729a7 in ???
#15  0x4ffff0497e07 in ???
#16  0x4ffff0498d47 in ???
#17  0x4ffff096ef4f in ???
#18  0x4ffff046ff1b in ???
#5  0x4ffff0829437 in ???
#6  0x4ffff07c22ff in ???
#7  0x4ffff07c2397 in ???
#8  0x4ffff07c0caf in ???
#9  0x4ffff07c2f3f in ???
#10  0x4ffff07c2d6f in ???
#11  0x4ffff04fb4af in ???
#12  0x4ffff04b04bb in ???
#13  0x4ffff049ca6f in ???
#14  0x4ffff04729cb in ???
#15  0x4ffff0497e07 in ???
#16  0x4ffff0498d47 in ???
#17  0x4ffff096ef4f in ???
#18  0x4ffff046ff1b in ???
#0  0x4ffff078c227 in ???
#1  0x4ffff078b85f in ???
#2  0x4ffff094701f in ???
#3  0x4ffff0946ce8 in ???
#4  0x4ffff097bdcb in ???
#5  0x4ffff0829437 in ???
#6  0x4ffff07c22ff in ???
#7  0x4ffff07c2397 in ???
#8  0x4ffff07c0caf in ???
#9  0x4ffff07c2f3f in ???
#10  0x4ffff07c2d6f in ???
#11  0x4ffff04fb4af in ???
#12  0x4ffff04b04bb in ???
#13  0x4ffff049ca6f in ???
#14  0x4ffff04729a7 in ???
#15  0x4ffff0497e07 in ???
#16  0x4ffff0498d47 in ???
#17  0x4ffff096ef4f in ???
#18  0x4ffff046ff1b in ???
#2  0x4ffff094701f in ???
#3  0x4ffff0946ce8 in ???
#4  0x4ffff097bdcb in ???
#5  0x4ffff0829437 in ???
#6  0x4ffff07c22ff in ???
#7  0x4ffff07c2397 in ???
#8  0x4ffff07c0caf in ???
#9  0x4ffff07c2f3f in ???
#10  0x4ffff07c2d6f in ???
#11  0x4ffff04fb4af in ???
#12  0x4ffff04b04bb in ???
#13  0x4ffff049ca6f in ???
#14  0x4ffff04729a7 in ???
#15  0x4ffff0497e07 in ???
#16  0x4ffff0498d47 in ???
#17  0x4ffff096ef4f in ???
#18  0x4ffff046ff1b in ???
#0  0x4ffff078c227 in ???
#1  0x4ffff078b85f in ???
#2  0x4ffff094701f in ???
#3  0x4ffff0946ce8 in ???
#4  0x4ffff097bdcb in ???
#5  0x4ffff0829437 in ???
#6  0x4ffff07c22ff in ???
#7  0x4ffff07c2397 in ???
#8  0x4ffff07c0caf in ???
#9  0x4ffff07c2f3f in ???
#10  0x4ffff07c2d6f in ???
#11  0x4ffff04fb4af in ???
#12  0x4ffff04b04bb in ???
#13  0x4ffff049ca6f in ???
#14  0x4ffff04729a7 in ???
#15  0x4ffff0497e07 in ???
#16  0x4ffff0498d47 in ???
#17  0x4ffff096ef4f in ???
#18  0x4ffff046ff1b in ???
#0  0x4ffff078c227 in ???
#1  0x4ffff078b85f in ???
#2  0x4ffff094701f in ???
#3  0x4ffff0946ce8 in ???
#4  0x4ffff097bdcb in ???
#5  0x4ffff0829437 in ???
#6  0x4ffff07c22ff in ???
#7  0x4ffff07c2397 in ???
#8  0x4ffff07c0caf in ???
#9  0x4ffff07c2f3f in ???
#10  0x4ffff07c2d6f in ???
#11  0x4ffff04fb4af in ???
#12  0x4ffff04b04bb in ???
#13  0x4ffff049ca6f in ???
#14  0x4ffff04729a7 in ???
#15  0x4ffff0497e07 in ???
#16  0x4ffff0498d47 in ???
#17  0x4ffff096ef4f in ???
#18  0x4ffff046ff1b in ???
#6  0x4ffff07c22ff in ???
#7  0x4ffff07c2397 in ???
#8  0x4ffff07c0caf in ???
#9  0x4ffff07c2f3f in ???
#10  0x4ffff07c2d6f in ???
#11  0x4ffff04fb4af in ???
#12  0x4ffff04b04bb in ???
#13  0x4ffff049ca6f in ???
#14  0x4ffff04729a7 in ???
#15  0x4ffff0497e07 in ???
#16  0x4ffff0498d47 in ???
#17  0x4ffff096ef4f in ???
#18  0x4ffff046ff1b in ???
#4  0x4ffff097bdcb in ???
#5  0x4ffff0829437 in ???
#6  0x4ffff07c22ff in ???
#7  0x4ffff07c2397 in ???
#8  0x4ffff07c0caf in ???
#9  0x4ffff07c2f3f in ???
#10  0x4ffff07c2d6f in ???
#11  0x4ffff04fb4af in ???
#12  0x4ffff04b04bb in ???
#13  0x4ffff049ca6f in ???
#14  0x4ffff04729a7 in ???
#15  0x4ffff0497e07 in ???
#16  0x4ffff0498d47 in ???
#17  0x4ffff096ef4f in ???
#18  0x4ffff046ff1b in ???
#6  0x4ffff07c22ff in ???
#7  0x4ffff07c2397 in ???
#8  0x4ffff07c0caf in ???
#9  0x4ffff07c2f3f in ???
#10  0x4ffff07c2d6f in ???
#11  0x4ffff04fb4af in ???
#12  0x4ffff04b04bb in ???
#13  0x4ffff049ca6f in ???
#14  0x4ffff04729a7 in ???
#15  0x4ffff0497e07 in ???
#16  0x4ffff0498d47 in ???
#17  0x4ffff096ef4f in ???
#18  0x4ffff046ff1b in ???
#0  0x4ffff078c227 in ???
#1  0x4ffff078b85f in ???
#2  0x4ffff094701f in ???
#3  0x4ffff0946ce8 in ???
#4  0x4ffff097bdcb in ???
#5  0x4ffff0829437 in ???
#6  0x4ffff07c22ff in ???
#7  0x4ffff07c2397 in ???
#8  0x4ffff07c0caf in ???
#9  0x4ffff07c2f3f in ???
#10  0x4ffff07c2d6f in ???
#11  0x4ffff04fb4af in ???
#12  0x4ffff04b04bb in ???
#13  0x4ffff049ca6f in ???
#14  0x4ffff04729a7 in ???
#15  0x4ffff0497e07 in ???
#16  0x4ffff0498d47 in ???
#17  0x4ffff096ef4f in ???
#18  0x4ffff046ff1b in ???
#5  0x4ffff0829437 in ???
#6  0x4ffff07c22ff in ???
#7  0x4ffff07c2397 in ???
#8  0x4ffff07c0caf in ???
#9  0x4ffff07c2f3f in ???
#10  0x4ffff07c2d6f in ???
#11  0x4ffff04fb4af in ???
#12  0x4ffff04b04bb in ???
#13  0x4ffff049ca6f in ???
#14  0x4ffff04729cb in ???
#15  0x4ffff0497e07 in ???
#16  0x4ffff0498d47 in ???
#17  0x4ffff096ef4f in ???
#18  0x4ffff046ff1b in ???
#0  0x4ffff078c227 in ???
#1  0x4ffff078b85f in ???
#2  0x4ffff094701f in ???
#3  0x4ffff0946ce8 in ???
#4  0x4ffff097bdcb in ???
#5  0x4ffff0829437 in ???
#6  0x4ffff07c22ff in ???
#7  0x4ffff07c2397 in ???
#8  0x4ffff07c0caf in ???
#9  0x4ffff07c2f3f in ???
#10  0x4ffff07c2d6f in ???
#11  0x4ffff04fb4af in ???
#12  0x4ffff04b04bb in ???
#13  0x4ffff049ca6f in ???
#14  0x4ffff04729a7 in ???
#15  0x4ffff0497e07 in ???
#16  0x4ffff0498d47 in ???
#17  0x4ffff096ef4f in ???
#18  0x4ffff046ff1b in ???
#7  0x4ffff07c2397 in ???
#8  0x4ffff07c0caf in ???
#9  0x4ffff07c2f3f in ???
#10  0x4ffff07c2d6f in ???
#11  0x4ffff04fb4af in ???
#12  0x4ffff04b04bb in ???
#13  0x4ffff049ca6f in ???
#14  0x4ffff04729a7 in ???
#15  0x4ffff0497e07 in ???
#16  0x4ffff0498d47 in ???
#17  0x4ffff096ef4f in ???
#18  0x4ffff046ff1b in ???
#5  0x4ffff0829437 in ???
#6  0x4ffff07c22ff in ???
#7  0x4ffff07c2397 in ???
#8  0x4ffff07c0caf in ???
#9  0x4ffff07c2f3f in ???
#10  0x4ffff07c2d6f in ???
#11  0x4ffff04fb4af in ???
#12  0x4ffff04b04bb in ???
#13  0x4ffff049ca6f in ???
#14  0x4ffff04729a7 in ???
#15  0x4ffff0497e07 in ???
#16  0x4ffff0498d47 in ???
#17  0x4ffff096ef4f in ???
#18  0x4ffff046ff1b in ???
#0  0x4ffff078c227 in ???
#1  0x4ffff078b85f in ???
#2  0x4ffff094701f in ???
#3  0x4ffff0946ce8 in ???
#4  0x4ffff097bdcb in ???
#5  0x4ffff0829437 in ???
#6  0x4ffff07c22ff in ???
#7  0x4ffff07c2397 in ???
#8  0x4ffff07c0caf in ???
#9  0x4ffff07c2f3f in ???
#10  0x4ffff07c2d6f in ???
#11  0x4ffff04fb4af in ???
#12  0x4ffff04b04bb in ???
#13  0x4ffff049ca6f in ???
#14  0x4ffff04729a7 in ???
#15  0x4ffff0497e07 in ???
#16  0x4ffff0498d47 in ???
#17  0x4ffff096ef4f in ???
#18  0x4ffff046ff1b in ???
#0  0x4ffff078c227 in ???
#1  0x4ffff078b85f in ???
#2  0x4ffff094701f in ???
#3  0x4ffff0946ce8 in ???
#4  0x4ffff097bdcb in ???
#5  0x4ffff0829437 in ???
#6  0x4ffff07c22ff in ???
#7  0x4ffff07c2397 in ???
#8  0x4ffff07c0caf in ???
#9  0x4ffff07c2f3f in ???
#10  0x4ffff07c2d6f in ???
#11  0x4ffff04fb4af in ???
#12  0x4ffff04b04bb in ???
#13  0x4ffff049ca6f in ???
#14  0x4ffff04729a7 in ???
#15  0x4ffff0497e07 in ???
#16  0x4ffff0498d47 in ???
#17  0x4ffff096ef4f in ???
#18  0x4ffff046ff1b in ???
#0  0x4ffff078c227 in ???
#1  0x4ffff078b85f in ???
#2  0x4ffff094701f in ???
#3  0x4ffff0946ce8 in ???
#4  0x4ffff097bdcb in ???
#5  0x4ffff0829437 in ???
#6  0x4ffff07c22ff in ???
#7  0x4ffff07c2397 in ???
#8  0x4ffff07c0caf in ???
#9  0x4ffff07c2f3f in ???
#10  0x4ffff07c2d6f in ???
#11  0x4ffff04fb4af in ???
#12  0x4ffff04b04bb in ???
#13  0x4ffff049ca6f in ???
#14  0x4ffff04729a7 in ???
#15  0x4ffff0497e07 in ???
#16  0x4ffff0498d47 in ???
#17  0x4ffff096ef4f in ???
#18  0x4ffff046ff1b in ???
#2  0x4ffff094701f in ???
#3  0x4ffff0946ce8 in ???
#4  0x4ffff097bdcb in ???
#5  0x4ffff0829437 in ???
#6  0x4ffff07c22ff in ???
#7  0x4ffff07c2397 in ???
#8  0x4ffff07c0caf in ???
#9  0x4ffff07c2f3f in ???
#10  0x4ffff07c2d6f in ???
#11  0x4ffff04fb4af in ???
#12  0x4ffff04b04bb in ???
#13  0x4ffff049ca6f in ???
#14  0x4ffff04729cb in ???
#15  0x4ffff0497e07 in ???
#16  0x4ffff0498d47 in ???
#17  0x4ffff096ef4f in ???
#18  0x4ffff046ff1b in ???
#8  0x4ffff07c0caf in ???
#9  0x4ffff07c2f3f in ???
#10  0x4ffff07c2d6f in ???
#11  0x4ffff04fb4af in ???
#12  0x4ffff04b04bb in ???
#13  0x4ffff049ca6f in ???
#14  0x4ffff04729a7 in ???
#15  0x4ffff0497e07 in ???
#16  0x4ffff0498d47 in ???
#17  0x4ffff096ef4f in ???
#18  0x4ffff046ff1b in ???
#7  0x4ffff07c2397 in ???
#8  0x4ffff07c0caf in ???
#9  0x4ffff07c2f3f in ???
#10  0x4ffff07c2d6f in ???
#11  0x4ffff04fb4af in ???
#12  0x4ffff04b04bb in ???
#13  0x4ffff049ca6f in ???
#14  0x4ffff04729a7 in ???
#15  0x4ffff0497e07 in ???
#16  0x4ffff0498d47 in ???
#17  0x4ffff096ef4f in ???
#18  0x4ffff046ff1b in ???
#10  0x4ffff07c2d6f in ???
#11  0x4ffff04fb4af in ???
#12  0x4ffff04b04bb in ???
#13  0x4ffff049ca6f in ???
#14  0x4ffff04729a7 in ???
#15  0x4ffff0497e07 in ???
#16  0x4ffff0498d47 in ???
#17  0x4ffff096ef4f in ???
#18  0x4ffff046ff1b in ???
#0  0x4ffff078c227 in ???
#0  0x4ffff078c227 in ???
#0  0x4ffff078c227 in ???
#0  0x4ffff078c227 in ???
#0  0x4ffff078c227 in ???
#0  0x4ffff078c227 in ???
#0  0x4ffff078c227 in ???
#0  0x4ffff078c227 in ???
#0  0x4ffff078c227 in ???
#0  0x4ffff078c227 in ???
#1  0x4ffff078b85f in ???
#1  0x4ffff078b85f in ???
#1  0x4ffff078b85f in ???
#1  0x4ffff078b85f in ???
#1  0x4ffff078b85f in ???
#1  0x4ffff078b85f in ???
#1  0x4ffff078b85f in ???
#1  0x4ffff078b85f in ???
#1  0x4ffff078b85f in ???
#1  0x4ffff078b85f in ???
#2  0x4ffff094701f in ???
#2  0x4ffff094701f in ???
#2  0x4ffff094701f in ???
#2  0x4ffff094701f in ???
#2  0x4ffff094701f in ???
#2  0x4ffff094701f in ???
#2  0x4ffff094701f in ???
#2  0x4ffff094701f in ???
#2  0x4ffff094701f in ???
#2  0x4ffff094701f in ???
#3  0x4ffff0946ce8 in ???
#3  0x4ffff0946ce8 in ???
#3  0x4ffff0946ce8 in ???
#3  0x4ffff0946ce8 in ???
#3  0x4ffff0946ce8 in ???
#3  0x4ffff0946ce8 in ???
#3  0x4ffff0946ce8 in ???
#3  0x4ffff0946ce8 in ???
#3  0x4ffff0946ce8 in ???
#3  0x4ffff0946ce8 in ???
#4  0x4ffff097bdcb in ???
#4  0x4ffff097bdcb in ???
#4  0x4ffff097bdcb in ???
#4  0x4ffff097bdcb in ???
#4  0x4ffff097bdcb in ???
#4  0x4ffff097bdcb in ???
#4  0x4ffff097bdcb in ???
#4  0x4ffff097bdcb in ???
#4  0x4ffff097bdcb in ???
#4  0x4ffff097bdcb in ???
#5  0x4ffff0829437 in ???
#5  0x4ffff0829437 in ???
#5  0x4ffff0829437 in ???
#5  0x4ffff0829437 in ???
#5  0x4ffff0829437 in ???
#5  0x4ffff0829437 in ???
#5  0x4ffff0829437 in ???
#5  0x4ffff0829437 in ???
#5  0x4ffff0829437 in ???
#5  0x4ffff0829437 in ???
#6  0x4ffff07c22ff in ???
#6  0x4ffff07c22ff in ???
#6  0x4ffff07c22ff in ???
#6  0x4ffff07c22ff in ???
#6  0x4ffff07c22ff in ???
#6  0x4ffff07c22ff in ???
#6  0x4ffff07c22ff in ???
#6  0x4ffff07c22ff in ???
#6  0x4ffff07c22ff in ???
#6  0x4ffff07c22ff in ???
#7  0x4ffff07c2397 in ???
#7  0x4ffff07c2397 in ???
#7  0x4ffff07c2397 in ???
#7  0x4ffff07c2397 in ???
#7  0x4ffff07c2397 in ???
#7  0x4ffff07c2397 in ???
#7  0x4ffff07c2397 in ???
#7  0x4ffff07c2397 in ???
#7  0x4ffff07c2397 in ???
#7  0x4ffff07c2397 in ???
#8  0x4ffff07c0caf in ???
#8  0x4ffff07c0caf in ???
#8  0x4ffff07c0caf in ???
#8  0x4ffff07c0caf in ???
#8  0x4ffff07c0caf in ???
#8  0x4ffff07c0caf in ???
#8  0x4ffff07c0caf in ???
#9  0x4ffff07c2f3f in ???
#10  0x4ffff07c2d6f in ???
#0  0x4ffff078c227 in ???
#1  0x4ffff078b85f in ???
#2  0x4ffff094701f in ???
#8  0x4ffff07c0caf in ???
#8  0x4ffff07c0caf in ???
#9  0x4ffff07c2f3f in ???
#9  0x4ffff07c2f3f in ???
#9  0x4ffff07c2f3f in ???
#9  0x4ffff07c2f3f in ???
#9  0x4ffff07c2f3f in ???
#9  0x4ffff07c2f3f in ???
#3  0x4ffff0946ce8 in ???
#4  0x4ffff097bdcb in ???
#5  0x4ffff0829437 in ???
#6  0x4ffff07c22ff in ???
#7  0x4ffff07c2397 in ???
#8  0x4ffff07c0caf in ???
#9  0x4ffff07c2f3f in ???
#10  0x4ffff07c2d6f in ???
#11  0x4ffff04fb4af in ???
#12  0x4ffff04b04bb in ???
#13  0x4ffff049ca6f in ???
#14  0x4ffff04729a7 in ???
#15  0x4ffff0497e07 in ???
#16  0x4ffff0498d47 in ???
#17  0x4ffff096ef4f in ???
#18  0x4ffff046ff1b in ???
#9  0x4ffff07c2f3f in ???
#9  0x4ffff07c2f3f in ???
#8  0x4ffff07c0caf in ???
#9  0x4ffff07c2f3f in ???
#10  0x4ffff07c2d6f in ???
#11  0x4ffff04fb4af in ???
#12  0x4ffff04b04bb in ???
#13  0x4ffff049ca6f in ???
#14  0x4ffff04729a7 in ???
#15  0x4ffff0497e07 in ???
#16  0x4ffff0498d47 in ???
#17  0x4ffff096ef4f in ???
#18  0x4ffff046ff1b in ???
#10  0x4ffff07c2d6f in ???
#10  0x4ffff07c2d6f in ???
#10  0x4ffff07c2d6f in ???
#10  0x4ffff07c2d6f in ???
#10  0x4ffff07c2d6f in ???
#10  0x4ffff07c2d6f in ???
#11  0x4ffff04fb4af in ???
#10  0x4ffff07c2d6f in ???
#10  0x4ffff07c2d6f in ???
#11  0x4ffff04fb4af in ???
#12  0x4ffff04b04bb in ???
#13  0x4ffff049ca6f in ???
#14  0x4ffff04729a7 in ???
#15  0x4ffff0497e07 in ???
#16  0x4ffff0498d47 in ???
#17  0x4ffff096ef4f in ???
#18  0x4ffff046ff1b in ???
#11  0x4ffff04fb4af in ???
#11  0x4ffff04fb4af in ???
#11  0x4ffff04fb4af in ???
#12  0x4ffff04b04bb in ???
#13  0x4ffff049ca6f in ???
#14  0x4ffff04729a7 in ???
#15  0x4ffff0497e07 in ???
#16  0x4ffff0498d47 in ???
#17  0x4ffff096ef4f in ???
#18  0x4ffff046ff1b in ???
#11  0x4ffff04fb4af in ???
#11  0x4ffff04fb4af in ???
#12  0x4ffff04b04bb in ???
#13  0x4ffff049ca6f in ???
#14  0x4ffff04729a7 in ???
#15  0x4ffff0497e07 in ???
#16  0x4ffff0498d47 in ???
#17  0x4ffff096ef4f in ???
#18  0x4ffff046ff1b in ???
#11  0x4ffff04fb4af in ???
#12  0x4ffff04b04bb in ???
#11  0x4ffff04fb4af in ???
#12  0x4ffff04b04bb in ???
#13  0x4ffff049ca6f in ???
#14  0x4ffff04729a7 in ???
#15  0x4ffff0497e07 in ???
#16  0x4ffff0498d47 in ???
#17  0x4ffff096ef4f in ???
#18  0x4ffff046ff1b in ???
#12  0x4ffff04b04bb in ???
#12  0x4ffff04b04bb in ???
#12  0x4ffff04b04bb in ???
#12  0x4ffff04b04bb in ???
#13  0x4ffff049ca6f in ???
#13  0x4ffff049ca6f in ???
#13  0x4ffff049ca6f in ???
#13  0x4ffff049ca6f in ???
#14  0x4ffff04729cb in ???
#15  0x4ffff0497e07 in ???
#16  0x4ffff0498d47 in ???
#17  0x4ffff096ef4f in ???
#18  0x4ffff046ff1b in ???
#13  0x4ffff049ca6f in ???
#14  0x4ffff04729a7 in ???
#14  0x4ffff04729a7 in ???
#14  0x4ffff04729a7 in ???
#14  0x4ffff04729a7 in ???
#15  0x4ffff0497e07 in ???
#15  0x4ffff0497e07 in ???
#15  0x4ffff0497e07 in ???
#15  0x4ffff0497e07 in ???
#16  0x4ffff0498d47 in ???
#16  0x4ffff0498d47 in ???
#16  0x4ffff0498d47 in ???
#16  0x4ffff0498d47 in ???
#17  0x4ffff096ef4f in ???
#17  0x4ffff096ef4f in ???
#17  0x4ffff096ef4f in ???
#17  0x4ffff096ef4f in ???
#18  0x4ffff046ff1b in ???
#18  0x4ffff046ff1b in ???
#18  0x4ffff046ff1b in ???
#18  0x4ffff046ff1b in ???
[3660980 ## 2022-05-30/22:19:30] warning: cpu [44]: user's mpe task: tid= 36, pid= 9480, terminated by sig 6
[3660980 ## 2022-05-30/22:19:30] warning: cpu [16]: user's mpe task: tid= 0, pid= 14547, terminated by sig 6
[3660980 ## 2022-05-30/22:19:30] warning: cpu [16]: user's mpe task: tid= 4, pid= 14553, terminated by sig 6
[3660980 ## 2022-05-30/22:19:30] warning: cpu [16]: user's mpe task: tid= 1, pid= 14548, terminated by sig 6
[3660980 ## 2022-05-30/22:19:30] warning: cpu [16]: user's mpe task: tid= 2, pid= 14550, terminated by sig 6
[3660980 ## 2022-05-30/22:19:30] warning: cpu [46]: user's mpe task: tid= 48, pid= 9419, terminated by sig 6
[3660980 ## 2022-05-30/22:19:30] warning: cpu [46]: user's mpe task: tid= 53, pid= 9427, terminated by sig 6
[3660980 ## 2022-05-30/22:19:30] warning: cpu [46]: user's mpe task: tid= 50, pid= 9422, terminated by sig 6
[3660980 ## 2022-05-30/22:19:30] warning: cpu [46]: user's mpe task: tid= 52, pid= 9425, terminated by sig 6
[3660980 ## 2022-05-30/22:19:30] warning: cpu [18]: user's mpe task: tid= 16, pid= 8368, terminated by sig 6
[3660980 ## 2022-05-30/22:19:30] warning: cpu [18]: user's mpe task: tid= 12, pid= 8364, terminated by sig 6
[3660980 ## 2022-05-30/22:19:30] warning: cpu [18]: user's mpe task: tid= 15, pid= 8367, terminated by sig 6
[3660980 ## 2022-05-30/22:19:30] warning: cpu [19]: user's mpe task: tid= 18, pid= 3777, terminated by sig 6
[3660980 ## 2022-05-30/22:19:30] warning: cpu [18]: user's mpe task: tid= 17, pid= 8369, terminated by sig 6
[3660980 ## 2022-05-30/22:19:30] warning: cpu [19]: user's mpe task: tid= 23, pid= 3785, terminated by sig 6
[3660980 ## 2022-05-30/22:19:30] warning: cpu [18]: user's mpe task: tid= 14, pid= 8366, terminated by sig 6
[3660980 ## 2022-05-30/22:19:30] warning: cpu [19]: user's mpe task: tid= 22, pid= 3783, terminated by sig 6
[3660980 ## 2022-05-30/22:19:30] warning: cpu [20]: user's mpe task: tid= 28, pid= 12202, terminated by sig 6
[3660980 ## 2022-05-30/22:19:30] warning: cpu [18]: user's mpe task: tid= 13, pid= 8365, terminated by sig 6
[3660980 ## 2022-05-30/22:19:30] warning: cpu [19]: user's mpe task: tid= 21, pid= 3781, terminated by sig 6
[3660980 ## 2022-05-30/22:19:30] warning: cpu [20]: user's mpe task: tid= 27, pid= 12201, terminated by sig 6
[3660980 ## 2022-05-30/22:19:30] warning: cpu [47]: user's mpe task: tid= 57, pid= 9417, terminated by sig 6
[3660980 ## 2022-05-30/22:19:30] warning: cpu [19]: user's mpe task: tid= 20, pid= 3780, terminated by sig 6
[3660980 ## 2022-05-30/22:19:30] warning: cpu [20]: user's mpe task: tid= 29, pid= 12205, terminated by sig 6
[3660980 ## 2022-05-30/22:19:30] warning: cpu [44]: user's mpe task: tid= 38, pid= 9482, terminated by sig 6
[3660980 ## 2022-05-30/22:19:30] warning: cpu [47]: user's mpe task: tid= 55, pid= 9414, terminated by sig 6
[3660980 ## 2022-05-30/22:19:30] warning: cpu [16]: user's mpe task: tid= 5, pid= 14555, terminated by sig 6
[3660980 ## 2022-05-30/22:19:30] warning: cpu [17]: user's mpe task: tid= 10, pid= 13351, terminated by sig 6
[3660980 ## 2022-05-30/22:19:30] warning: cpu [19]: user's mpe task: tid= 19, pid= 3778, terminated by sig 6
[3660980 ## 2022-05-30/22:19:30] warning: cpu [20]: user's mpe task: tid= 25, pid= 12197, terminated by sig 6
[3660980 ## 2022-05-30/22:19:30] warning: cpu [21]: user's mpe task: tid= 30, pid= 12310, terminated by sig 6
[3660980 ## 2022-05-30/22:19:30] warning: cpu [44]: user's mpe task: tid= 37, pid= 9481, terminated by sig 6
[3660980 ## 2022-05-30/22:19:30] warning: cpu [47]: user's mpe task: tid= 54, pid= 9413, terminated by sig 6
[3660980 ## 2022-05-30/22:19:30] warning: cpu [17]: user's mpe task: tid= 11, pid= 13353, terminated by sig 6
[3660980 ## 2022-05-30/22:19:30] warning: cpu [20]: user's mpe task: tid= 24, pid= 12196, terminated by sig 6
[3660980 ## 2022-05-30/22:19:30] warning: cpu [21]: user's mpe task: tid= 35, pid= 12318, terminated by sig 6
[3660980 ## 2022-05-30/22:19:30] warning: cpu [44]: user's mpe task: tid= 39, pid= 9483, terminated by sig 6
[3660980 ## 2022-05-30/22:19:30] warning: cpu [47]: user's mpe task: tid= 58, pid= 9418, terminated by sig 6
[3660980 ## 2022-05-30/22:19:30] warning: cpu [17]: user's mpe task: tid= 9, pid= 13349, terminated by sig 6
[3660980 ## 2022-05-30/22:19:30] warning: cpu [20]: user's mpe task: tid= 26, pid= 12199, terminated by sig 6
[3660980 ## 2022-05-30/22:19:30] warning: cpu [21]: user's mpe task: tid= 32, pid= 12313, terminated by sig 6
[3660980 ## 2022-05-30/22:19:30] warning: cpu [44]: user's mpe task: tid= 41, pid= 9485, terminated by sig 6
[3660980 ## 2022-05-30/22:19:30] warning: cpu [46]: user's mpe task: tid= 49, pid= 9420, terminated by sig 6
[3660980 ## 2022-05-30/22:19:30] warning: cpu [47]: user's mpe task: tid= 56, pid= 9415, terminated by sig 6
[3660980 ## 2022-05-30/22:19:30] warning: cpu [17]: user's mpe task: tid= 7, pid= 13346, terminated by sig 6
[3660980 ## 2022-05-30/22:19:30] warning: cpu [21]: user's mpe task: tid= 34, pid= 12316, terminated by sig 6
[3660980 ## 2022-05-30/22:19:30] warning: cpu [44]: user's mpe task: tid= 40, pid= 9484, terminated by sig 6
[3660980 ## 2022-05-30/22:19:30] warning: cpu [45]: user's mpe task: tid= 42, pid= 9664, terminated by sig 6
[3660980 ## 2022-05-30/22:19:30] warning: cpu [46]: user's mpe task: tid= 51, pid= 9424, terminated by sig 6
[3660980 ## 2022-05-30/22:19:30] warning: cpu [47]: user's mpe task: tid= 59, pid= 9419, terminated by sig 6
[3660980 ## 2022-05-30/22:19:30] warning: cpu [17]: user's mpe task: tid= 6, pid= 13345, terminated by sig 6
[3660980 ## 2022-05-30/22:19:30] warning: cpu [21]: user's mpe task: tid= 31, pid= 12311, terminated by sig 6
[3660980 ## 2022-05-30/22:19:30] warning: cpu [45]: user's mpe task: tid= 43, pid= 9665, terminated by sig 6
[3660980 ## 2022-05-30/22:19:30] warning: cpu [17]: user's mpe task: tid= 8, pid= 13348, terminated by sig 6
[3660980 ## 2022-05-30/22:19:30] warning: cpu [45]: user's mpe task: tid= 47, pid= 9672, terminated by sig 6
[3660980 ## 2022-05-30/22:19:30] warning: cpu [45]: user's mpe task: tid= 46, pid= 9670, terminated by sig 6
[3660980 ## 2022-05-30/22:19:30] warning: cpu [45]: user's mpe task: tid= 45, pid= 9668, terminated by sig 6
[3660980 ## 2022-05-30/22:19:30] warning: cpu [45]: user's mpe task: tid= 44, pid= 9667, terminated by sig 6
[3660980 ## 2022-05-30/22:19:30] warning: cpu [21]: user's mpe task: tid= 33, pid= 12314, terminated by sig 6
[3660980 ## 2022-05-30/22:19:30] warning: cpu [16]: user's mpe task: tid= 3, pid= 14551, terminated by sig 6
dispatching ...
Job 3660980 has been finished, exit reason: kill by signal.
Job <3660981> has been submitted to queue <q_share>
waiting for dispatch ...
 im,jm,kb=        6049        6049          19

zeros=
	data type = double
	pos = -1
	is_pseudo = 0
	bitset = 111
	global_shape = [6049, 6049, 19]
	procs_shape = [10, 8, 1]
	bound_type = [0, 0, 0]
	stencil_type = 1
	stencil_width = 1
	lx = [605, 605, 605, 605, 605, 605, 605, 605, 605, 604]
	ly = [757, 756, 756, 756, 756, 756, 756, 756]
	lz = [19]
	clx = [0, 605, 1210, 1815, 2420, 3025, 3630, 4235, 4840, 5445, 6049]
	cly = [0, 757, 1513, 2269, 3025, 3781, 4537, 5293, 6049]
	clz = [0, 19]

 start reading init variables...
[3660981 ## 2022-05-30/22:20:25] receive request of kill job(bkill).
dispatching ...
Job 3660981 has been finished, exit reason: bkill.
