======================Test Use minimize with Net=========================
In getNet1Val:  0.5 10719.631770819924
In getNet2Val:  0.5 10719.631770819924
In getNet1Val:  0.5000000149011612 10719.631770720644
In getNet2Val:  0.5 10719.631770819924
In getNet1Val:  0.5 10719.631770819924
In getNet2Val:  0.5000000149011612 10719.631770720644
In getNet1Val:  200.00000000073504 423.85646069332097
In getNet2Val:  200.00000000073146 423.8564606933301
In getNet1Val:  200.0000000156362 423.8564606558079
In getNet2Val:  200.00000000073146 423.8564606933301
In getNet1Val:  200.00000000073504 423.85646069332097
In getNet2Val:  200.00000001563262 423.8564606558176
In getNet1Val:  212.58720496339583 393.53554895327215
In getNet2Val:  212.58716485009805 393.53564148264655
In getNet1Val:  212.587204978297 393.53554891889934
In getNet2Val:  212.58716485009805 393.53564148264655
In getNet1Val:  212.58720496339583 393.53554895327215
In getNet2Val:  212.5871648649992 393.53564144827465
In getNet1Val:  270.25452209127286 281.08341838938844
In getNet2Val:  270.254167793652 281.0840035963039
In getNet1Val:  270.254522106174 281.0834183647767
In getNet2Val:  270.254167793652 281.0840035963039
In getNet1Val:  270.25452209127286 281.08341838938844
In getNet2Val:  270.2541678085532 281.0840035716919
In getNet1Val:  415.6661574539863 121.09959532203702
In getNet2Val:  415.66524542705565 121.10017879885277
In getNet1Val:  415.66615746888743 121.09959531250408
In getNet2Val:  415.66524542705565 121.10017879885277
In getNet1Val:  415.6661574539863 121.09959532203702
In getNet2Val:  415.6652454419568 121.10017878931956
In getNet1Val:  507.5985629545125 79.7780724350558
In getNet2Val:  507.5973118674643 79.77844262647193
In getNet1Val:  507.59856296941365 79.77807243064572
In getNet2Val:  507.5973118674643 79.77844262647193
In getNet1Val:  507.5985629545125 79.7780724350558
In getNet2Val:  507.5973118823655 79.77844262206213
In getNet1Val:  586.732945191122 63.034196402954045
In getNet2Val:  586.7313519768873 63.03442600101933
In getNet1Val:  586.7329452060231 63.03419640080604
In getNet2Val:  586.7313519768873 63.03442600101933
In getNet1Val:  586.732945191122 63.034196402954045
In getNet2Val:  586.7313519917884 63.03442599887104
In getNet1Val:  661.8906926288514 55.25769976841455
In getNet2Val:  661.8888297832962 55.25783220058672
In getNet1Val:  661.8906926437526 55.25769976735456
In getNet2Val:  661.8888297832962 55.25783220058672
In getNet1Val:  661.8906926288514 55.25769976841455
In getNet2Val:  661.8888297981973 55.257832199527016
In getNet1Val:  735.083700924346 51.51166983595162
In getNet2Val:  735.0815192729243 51.511746933317056
In getNet1Val:  735.0837009392471 51.51166983542566
In getNet2Val:  735.0815192729243 51.511746933317056
In getNet1Val:  735.083700924346 51.51166983595162
In getNet2Val:  735.0815192878255 51.51174693279109
In getNet1Val:  807.1895881074955 49.67358741815586
In getNet2Val:  807.1871111755204 49.673631155056356
In getNet1Val:  807.1895881223967 49.67358741789302
In getNet2Val:  807.1871111755204 49.673631155056356
In getNet1Val:  807.1895881074955 49.67358741815586
In getNet2Val:  807.1871111904215 49.67363115479267
In getNet1Val:  879.4514454934417 48.75497867061346
In getNet2Val:  879.4487852972917 48.7550020453395
In getNet1Val:  879.4514455083429 48.75497867048134
In getNet2Val:  879.4487852972917 48.7550020453395
In getNet1Val:  879.4514454934417 48.75497867061346
In getNet2Val:  879.4487853121929 48.755002045209054
In getNet1Val:  951.3360679275238 48.29980718040944
In getNet2Val:  951.332946874239 48.299820859424024
In getNet1Val:  951.336067942425 48.29980718034393
In getNet2Val:  951.332946874239 48.299820859424024
In getNet1Val:  951.3360679275238 48.29980718040944
In getNet2Val:  951.3329468891402 48.2998208593588
In getNet1Val:  1000.0061701975098 48.12971576255598
In getNet2Val:  1000.0 48.12973264222392
In getNet1Val:  1000.006170212411 48.12971576251574
In getNet2Val:  1000.0 48.12973264222392
In getNet1Val:  1000.0061701975098 48.12971576255598
In getNet2Val:  1000.0000000149012 48.12973264218229
In getNet1Val:  1000.011572025241 48.12970098572872
In getNet2Val:  1000.0 48.12973264222392
In getNet1Val:  1000.0115720401421 48.12970098568764
In getNet2Val:  1000.0 48.12973264222392
In getNet1Val:  1000.011572025241 48.12970098572872
In getNet2Val:  1000.0000000149012 48.12973264218229
In getNet1Val:  1000.0391343171603 48.1296256004618
In getNet2Val:  1000.0 48.12973264222392
In getNet1Val:  1000.0391343320615 48.129625600420724
In getNet2Val:  1000.0 48.12973264222392
In getNet1Val:  1000.0391343171603 48.1296256004618
In getNet2Val:  1000.0000000149012 48.12973264218229
In getNet1Val:  1000.1769457767575 48.12924897587306
In getNet2Val:  1000.0 48.12973264222392
In getNet1Val:  1000.1769457916587 48.12924897583254
In getNet2Val:  1000.0 48.12973264222392
In getNet1Val:  1000.1769457767575 48.12924897587306
In getNet2Val:  1000.0000000149012 48.12973264218229
In getNet1Val:  1000.8569428057733 48.127397956502506
In getNet2Val:  1000.0 48.12973264222392
In getNet1Val:  1000.8569428206745 48.12739795646254
In getNet2Val:  1000.0 48.12973264222392
In getNet1Val:  1000.8569428057733 48.127397956502506
In getNet2Val:  1000.0000000149012 48.12973264218229
In getNet1Val:  1004.2104344653485 48.11844563779227
In getNet2Val:  1000.0 48.12973264222392
In getNet1Val:  1004.2104344802497 48.11844563775314
In getNet2Val:  1000.0 48.12973264222392
In getNet1Val:  1004.2104344653485 48.11844563779227
In getNet2Val:  1000.0000000149012 48.12973264218229
In getNet1Val:  1020.6262112703074 48.07858411880444
In getNet2Val:  1000.0 48.12973264222392
In getNet1Val:  1020.6262112852086 48.07858411877003
In getNet2Val:  1000.0 48.12973264222392
In getNet1Val:  1020.6262112703074 48.07858411880444
In getNet2Val:  1000.0000000149012 48.12973264218229
In getNet1Val:  1024.0 48.071148058491666
In getNet2Val:  1000.0 48.12973264222392
In getNet1Val:  1024.0000000149012 48.07114805845975
In getNet2Val:  1000.0 48.12973264222392
In getNet1Val:  1024.0 48.071148058491666
In getNet2Val:  1000.0000000149012 48.12973264218229
96.20088070071559
True
[1024. 1000.]
