Performing C SOURCE FILE Test C_SUPPORTS_WERROR_UNGUARDED_AVAILABILITY_NEW failed with the following output:
Change Dir: /home/tmpDevDir/ecnu-tpf/llvm/examples/example-CMakeLists-01-HelloWorld/build/CMakeFiles/CMakeTmp

Run Build Command(s):/usr/bin/gmake -f Makefile cmTC_91de4/fast && /usr/bin/gmake  -f CMakeFiles/cmTC_91de4.dir/build.make CMakeFiles/cmTC_91de4.dir/build
gmake[1]: Entering directory '/home/tmpDevDir/ecnu-tpf/llvm/examples/example-CMakeLists-01-HelloWorld/build/CMakeFiles/CMakeTmp'
Building C object CMakeFiles/cmTC_91de4.dir/src.c.o
/usr/bin/cc -DC_SUPPORTS_WERROR_UNGUARDED_AVAILABILITY_NEW  -fPIC -fno-semantic-interposition -Werror=date-time    -Werror -Werror=unguarded-availability-new -o CMakeFiles/cmTC_91de4.dir/src.c.o -c /home/tmpDevDir/ecnu-tpf/llvm/examples/example-CMakeLists-01-HelloWorld/build/CMakeFiles/CMakeTmp/src.c
cc1: error: '-Werror=unguarded-availability-new': no option '-Wunguarded-availability-new'
gmake[1]: *** [CMakeFiles/cmTC_91de4.dir/build.make:78: CMakeFiles/cmTC_91de4.dir/src.c.o] Error 1
gmake[1]: Leaving directory '/home/tmpDevDir/ecnu-tpf/llvm/examples/example-CMakeLists-01-HelloWorld/build/CMakeFiles/CMakeTmp'
gmake: *** [Makefile:127: cmTC_91de4/fast] Error 2


Source file was:
int main(void) { return 0; }
Performing C++ SOURCE FILE Test CXX_SUPPORTS_WERROR_UNGUARDED_AVAILABILITY_NEW failed with the following output:
Change Dir: /home/tmpDevDir/ecnu-tpf/llvm/examples/example-CMakeLists-01-HelloWorld/build/CMakeFiles/CMakeTmp

Run Build Command(s):/usr/bin/gmake -f Makefile cmTC_bb89c/fast && /usr/bin/gmake  -f CMakeFiles/cmTC_bb89c.dir/build.make CMakeFiles/cmTC_bb89c.dir/build
gmake[1]: Entering directory '/home/tmpDevDir/ecnu-tpf/llvm/examples/example-CMakeLists-01-HelloWorld/build/CMakeFiles/CMakeTmp'
Building CXX object CMakeFiles/cmTC_bb89c.dir/src.cxx.o
/usr/bin/c++ -DCXX_SUPPORTS_WERROR_UNGUARDED_AVAILABILITY_NEW  -fPIC -fno-semantic-interposition -fvisibility-inlines-hidden -Werror=date-time    -Werror -Werror=unguarded-availability-new -std=gnu++17 -o CMakeFiles/cmTC_bb89c.dir/src.cxx.o -c /home/tmpDevDir/ecnu-tpf/llvm/examples/example-CMakeLists-01-HelloWorld/build/CMakeFiles/CMakeTmp/src.cxx
cc1plus: error: '-Werror=unguarded-availability-new': no option '-Wunguarded-availability-new'
gmake[1]: *** [CMakeFiles/cmTC_bb89c.dir/build.make:78: CMakeFiles/cmTC_bb89c.dir/src.cxx.o] Error 1
gmake[1]: Leaving directory '/home/tmpDevDir/ecnu-tpf/llvm/examples/example-CMakeLists-01-HelloWorld/build/CMakeFiles/CMakeTmp'
gmake: *** [Makefile:127: cmTC_bb89c/fast] Error 2


Source file was:
int main() { return 0; }
Performing C SOURCE FILE Test C_SUPPORTS_COVERED_SWITCH_DEFAULT_FLAG failed with the following output:
Change Dir: /home/tmpDevDir/ecnu-tpf/llvm/examples/example-CMakeLists-01-HelloWorld/build/CMakeFiles/CMakeTmp

Run Build Command(s):/usr/bin/gmake -f Makefile cmTC_0f876/fast && /usr/bin/gmake  -f CMakeFiles/cmTC_0f876.dir/build.make CMakeFiles/cmTC_0f876.dir/build
gmake[1]: Entering directory '/home/tmpDevDir/ecnu-tpf/llvm/examples/example-CMakeLists-01-HelloWorld/build/CMakeFiles/CMakeTmp'
Building C object CMakeFiles/cmTC_0f876.dir/src.c.o
/usr/bin/cc -DC_SUPPORTS_COVERED_SWITCH_DEFAULT_FLAG  -fPIC -fno-semantic-interposition -Werror=date-time -Wall -Wextra -Wno-unused-parameter -Wwrite-strings -Wno-missing-field-initializers -Wimplicit-fallthrough    -Werror -Wcovered-switch-default -o CMakeFiles/cmTC_0f876.dir/src.c.o -c /home/tmpDevDir/ecnu-tpf/llvm/examples/example-CMakeLists-01-HelloWorld/build/CMakeFiles/CMakeTmp/src.c
cc: error: unrecognized command-line option '-Wcovered-switch-default'; did you mean '-Wno-switch-default'?
gmake[1]: *** [CMakeFiles/cmTC_0f876.dir/build.make:78: CMakeFiles/cmTC_0f876.dir/src.c.o] Error 1
gmake[1]: Leaving directory '/home/tmpDevDir/ecnu-tpf/llvm/examples/example-CMakeLists-01-HelloWorld/build/CMakeFiles/CMakeTmp'
gmake: *** [Makefile:127: cmTC_0f876/fast] Error 2


Source file was:
int main(void) { return 0; }
Performing C++ SOURCE FILE Test CXX_SUPPORTS_COVERED_SWITCH_DEFAULT_FLAG failed with the following output:
Change Dir: /home/tmpDevDir/ecnu-tpf/llvm/examples/example-CMakeLists-01-HelloWorld/build/CMakeFiles/CMakeTmp

Run Build Command(s):/usr/bin/gmake -f Makefile cmTC_b6a9c/fast && /usr/bin/gmake  -f CMakeFiles/cmTC_b6a9c.dir/build.make CMakeFiles/cmTC_b6a9c.dir/build
gmake[1]: Entering directory '/home/tmpDevDir/ecnu-tpf/llvm/examples/example-CMakeLists-01-HelloWorld/build/CMakeFiles/CMakeTmp'
Building CXX object CMakeFiles/cmTC_b6a9c.dir/src.cxx.o
/usr/bin/c++ -DCXX_SUPPORTS_COVERED_SWITCH_DEFAULT_FLAG  -fPIC -fno-semantic-interposition -fvisibility-inlines-hidden -Werror=date-time -Wall -Wextra -Wno-unused-parameter -Wwrite-strings -Wcast-qual -Wno-missing-field-initializers -Wimplicit-fallthrough    -Werror -Wcovered-switch-default -std=gnu++17 -o CMakeFiles/cmTC_b6a9c.dir/src.cxx.o -c /home/tmpDevDir/ecnu-tpf/llvm/examples/example-CMakeLists-01-HelloWorld/build/CMakeFiles/CMakeTmp/src.cxx
c++: error: unrecognized command-line option '-Wcovered-switch-default'; did you mean '-Wno-switch-default'?
gmake[1]: *** [CMakeFiles/cmTC_b6a9c.dir/build.make:78: CMakeFiles/cmTC_b6a9c.dir/src.cxx.o] Error 1
gmake[1]: Leaving directory '/home/tmpDevDir/ecnu-tpf/llvm/examples/example-CMakeLists-01-HelloWorld/build/CMakeFiles/CMakeTmp'
gmake: *** [Makefile:127: cmTC_b6a9c/fast] Error 2


Source file was:
int main() { return 0; }
Performing C++ SOURCE FILE Test CXX_WONT_WARN_ON_FINAL_NONVIRTUALDTOR failed with the following output:
Change Dir: /home/tmpDevDir/ecnu-tpf/llvm/examples/example-CMakeLists-01-HelloWorld/build/CMakeFiles/CMakeTmp

Run Build Command(s):/usr/bin/gmake -f Makefile cmTC_502a5/fast && /usr/bin/gmake  -f CMakeFiles/cmTC_502a5.dir/build.make CMakeFiles/cmTC_502a5.dir/build
gmake[1]: 进入目录“/home/tmpDevDir/ecnu-tpf/llvm/examples/example-CMakeLists-01-HelloWorld/build/CMakeFiles/CMakeTmp”
Building CXX object CMakeFiles/cmTC_502a5.dir/src.cxx.o
/usr/bin/c++ -DCXX_WONT_WARN_ON_FINAL_NONVIRTUALDTOR  -fPIC -fno-semantic-interposition -fvisibility-inlines-hidden -Werror=date-time -Wall -Wextra -Wno-unused-parameter -Wwrite-strings -Wcast-qual -Wno-missing-field-initializers -Wimplicit-fallthrough -Wno-class-memaccess -Wno-redundant-move -Wno-pessimizing-move -Wno-noexcept-type  -Werror=non-virtual-dtor -std=gnu++17 -o CMakeFiles/cmTC_502a5.dir/src.cxx.o -c /home/tmpDevDir/ecnu-tpf/llvm/examples/example-CMakeLists-01-HelloWorld/build/CMakeFiles/CMakeTmp/src.cxx
/home/tmpDevDir/ecnu-tpf/llvm/examples/example-CMakeLists-01-HelloWorld/build/CMakeFiles/CMakeTmp/src.cxx:2:36: error: ‘class base’ has virtual functions and accessible non-virtual destructor [-Werror=non-virtual-dtor]
    2 |                              class base {friend f; public: virtual void anchor();protected: ~base();};
      |                                    ^~~~
cc1plus: some warnings being treated as errors
gmake[1]: *** [CMakeFiles/cmTC_502a5.dir/build.make:78：CMakeFiles/cmTC_502a5.dir/src.cxx.o] 错误 1
gmake[1]: 离开目录“/home/tmpDevDir/ecnu-tpf/llvm/examples/example-CMakeLists-01-HelloWorld/build/CMakeFiles/CMakeTmp”
gmake: *** [Makefile:127：cmTC_502a5/fast] 错误 2


Source file was:
class f {};
                             class base {friend f; public: virtual void anchor();protected: ~base();};
                             int main() { return 0; }
Performing C SOURCE FILE Test C_WCOMMENT_ALLOWS_LINE_WRAP failed with the following output:
Change Dir: /home/tmpDevDir/ecnu-tpf/llvm/examples/example-CMakeLists-01-HelloWorld/build/CMakeFiles/CMakeTmp

Run Build Command(s):/usr/bin/gmake -f Makefile cmTC_caf01/fast && /usr/bin/gmake  -f CMakeFiles/cmTC_caf01.dir/build.make CMakeFiles/cmTC_caf01.dir/build
gmake[1]: 进入目录“/home/tmpDevDir/ecnu-tpf/llvm/examples/example-CMakeLists-01-HelloWorld/build/CMakeFiles/CMakeTmp”
Building C object CMakeFiles/cmTC_caf01.dir/src.c.o
/usr/bin/cc -DC_WCOMMENT_ALLOWS_LINE_WRAP  -fPIC -fno-semantic-interposition -Werror=date-time -Wall -Wextra -Wno-unused-parameter -Wwrite-strings -Wno-missing-field-initializers -Wimplicit-fallthrough  -Werror -Wcomment -o CMakeFiles/cmTC_caf01.dir/src.c.o -c /home/tmpDevDir/ecnu-tpf/llvm/examples/example-CMakeLists-01-HelloWorld/build/CMakeFiles/CMakeTmp/src.c
/home/tmpDevDir/ecnu-tpf/llvm/examples/example-CMakeLists-01-HelloWorld/build/CMakeFiles/CMakeTmp/src.c:1:1: error: multi-line comment [-Werror=comment]
    1 | // \
      | ^
cc1: all warnings being treated as errors
gmake[1]: *** [CMakeFiles/cmTC_caf01.dir/build.make:78：CMakeFiles/cmTC_caf01.dir/src.c.o] 错误 1
gmake[1]: 离开目录“/home/tmpDevDir/ecnu-tpf/llvm/examples/example-CMakeLists-01-HelloWorld/build/CMakeFiles/CMakeTmp”
gmake: *** [Makefile:127：cmTC_caf01/fast] 错误 2


Source file was:
// \
//
int main() {return 0;}
Performing C SOURCE FILE Test C_SUPPORTS_STRING_CONVERSION_FLAG failed with the following output:
Change Dir: /home/tmpDevDir/ecnu-tpf/llvm/examples/example-CMakeLists-01-HelloWorld/build/CMakeFiles/CMakeTmp

Run Build Command(s):/usr/bin/gmake -f Makefile cmTC_958bd/fast && /usr/bin/gmake  -f CMakeFiles/cmTC_958bd.dir/build.make CMakeFiles/cmTC_958bd.dir/build
gmake[1]: Entering directory '/home/tmpDevDir/ecnu-tpf/llvm/examples/example-CMakeLists-01-HelloWorld/build/CMakeFiles/CMakeTmp'
Building C object CMakeFiles/cmTC_958bd.dir/src.c.o
/usr/bin/cc -DC_SUPPORTS_STRING_CONVERSION_FLAG  -fPIC -fno-semantic-interposition -Werror=date-time -Wall -Wextra -Wno-unused-parameter -Wwrite-strings -Wno-missing-field-initializers -Wimplicit-fallthrough -Wno-comment    -Werror -Wstring-conversion -o CMakeFiles/cmTC_958bd.dir/src.c.o -c /home/tmpDevDir/ecnu-tpf/llvm/examples/example-CMakeLists-01-HelloWorld/build/CMakeFiles/CMakeTmp/src.c
cc: error: unrecognized command-line option '-Wstring-conversion'; did you mean '-Wsign-conversion'?
gmake[1]: *** [CMakeFiles/cmTC_958bd.dir/build.make:78: CMakeFiles/cmTC_958bd.dir/src.c.o] Error 1
gmake[1]: Leaving directory '/home/tmpDevDir/ecnu-tpf/llvm/examples/example-CMakeLists-01-HelloWorld/build/CMakeFiles/CMakeTmp'
gmake: *** [Makefile:127: cmTC_958bd/fast] Error 2


Source file was:
int main(void) { return 0; }
Performing C++ SOURCE FILE Test CXX_SUPPORTS_STRING_CONVERSION_FLAG failed with the following output:
Change Dir: /home/tmpDevDir/ecnu-tpf/llvm/examples/example-CMakeLists-01-HelloWorld/build/CMakeFiles/CMakeTmp

Run Build Command(s):/usr/bin/gmake -f Makefile cmTC_3789b/fast && /usr/bin/gmake  -f CMakeFiles/cmTC_3789b.dir/build.make CMakeFiles/cmTC_3789b.dir/build
gmake[1]: Entering directory '/home/tmpDevDir/ecnu-tpf/llvm/examples/example-CMakeLists-01-HelloWorld/build/CMakeFiles/CMakeTmp'
Building CXX object CMakeFiles/cmTC_3789b.dir/src.cxx.o
/usr/bin/c++ -DCXX_SUPPORTS_STRING_CONVERSION_FLAG  -fPIC -fno-semantic-interposition -fvisibility-inlines-hidden -Werror=date-time -Wall -Wextra -Wno-unused-parameter -Wwrite-strings -Wcast-qual -Wno-missing-field-initializers -Wimplicit-fallthrough -Wno-class-memaccess -Wno-redundant-move -Wno-pessimizing-move -Wno-noexcept-type -Wdelete-non-virtual-dtor -Wsuggest-override -Wno-comment    -Werror -Wstring-conversion -std=gnu++17 -o CMakeFiles/cmTC_3789b.dir/src.cxx.o -c /home/tmpDevDir/ecnu-tpf/llvm/examples/example-CMakeLists-01-HelloWorld/build/CMakeFiles/CMakeTmp/src.cxx
c++: error: unrecognized command-line option '-Wstring-conversion'; did you mean '-Wsign-conversion'?
gmake[1]: *** [CMakeFiles/cmTC_3789b.dir/build.make:78: CMakeFiles/cmTC_3789b.dir/src.cxx.o] Error 1
gmake[1]: Leaving directory '/home/tmpDevDir/ecnu-tpf/llvm/examples/example-CMakeLists-01-HelloWorld/build/CMakeFiles/CMakeTmp'
gmake: *** [Makefile:127: cmTC_3789b/fast] Error 2


Source file was:
int main() { return 0; }
Determining if the os_signpost_interval_begin exist failed with the following output:
Change Dir: /home/tmpDevDir/ecnu-tpf/llvm/examples/example-CMakeLists-01-HelloWorld/build/CMakeFiles/CMakeTmp

Run Build Command(s):/usr/bin/gmake -f Makefile cmTC_747b3/fast && /usr/bin/gmake  -f CMakeFiles/cmTC_747b3.dir/build.make CMakeFiles/cmTC_747b3.dir/build
gmake[1]: 进入目录“/home/tmpDevDir/ecnu-tpf/llvm/examples/example-CMakeLists-01-HelloWorld/build/CMakeFiles/CMakeTmp”
Building C object CMakeFiles/cmTC_747b3.dir/CheckSymbolExists.c.o
/usr/bin/cc   -fPIC -fno-semantic-interposition -Wall -Wextra -Wno-unused-parameter -Wwrite-strings -Wno-missing-field-initializers -Wimplicit-fallthrough -Wno-comment -Wmisleading-indentation -ffunction-sections -fdata-sections  -o CMakeFiles/cmTC_747b3.dir/CheckSymbolExists.c.o -c /home/tmpDevDir/ecnu-tpf/llvm/examples/example-CMakeLists-01-HelloWorld/build/CMakeFiles/CMakeTmp/CheckSymbolExists.c
/home/tmpDevDir/ecnu-tpf/llvm/examples/example-CMakeLists-01-HelloWorld/build/CMakeFiles/CMakeTmp/CheckSymbolExists.c:2:10: fatal error: os/signpost.h: 没有那个文件或目录
    2 | #include <os/signpost.h>
      |          ^~~~~~~~~~~~~~~
compilation terminated.
gmake[1]: *** [CMakeFiles/cmTC_747b3.dir/build.make:78：CMakeFiles/cmTC_747b3.dir/CheckSymbolExists.c.o] 错误 1
gmake[1]: 离开目录“/home/tmpDevDir/ecnu-tpf/llvm/examples/example-CMakeLists-01-HelloWorld/build/CMakeFiles/CMakeTmp”
gmake: *** [Makefile:127：cmTC_747b3/fast] 错误 2


File /home/tmpDevDir/ecnu-tpf/llvm/examples/example-CMakeLists-01-HelloWorld/build/CMakeFiles/CMakeTmp/CheckSymbolExists.c:
/* */
#include <os/signpost.h>

int main(int argc, char** argv)
{
  (void)argv;
#ifndef os_signpost_interval_begin
  return ((int*)(&os_signpost_interval_begin))[argc];
#else
  (void)argc;
  return 0;
#endif
}
